[20/10/2021 21:43:8] /a 1
[20/10/2021 21:43:10] /ghost
[20/10/2021 21:44:48] /raid
[20/10/2021 21:44:58] /raid ghoul
[20/10/2021 21:45:21] /invisible
[20/10/2021 21:45:23] /invisible
[20/10/2021 21:46:13] /town
[20/10/2021 21:46:23] /town GM Island 
[20/10/2021 21:47:34] /town edron
[20/10/2021 21:47:44] /a 10
[20/10/2021 21:47:46] /a 10
[20/10/2021 21:47:46] /a 10
[20/10/2021 21:47:53] /a 10
[20/10/2021 21:47:59] /a 3
[20/10/2021 21:50:6] /goto Otal Robassena
[20/10/2021 22:5:16] /town edron
[20/10/2021 23:12:31] /ghost
[20/10/2021 23:12:33] /ghost
[20/10/2021 23:12:39] /goto tirubila
[20/10/2021 23:13:54] /town thais
[21/10/2021 0:30:21] /ghost
[21/10/2021 0:30:28] /goto xitadu
[21/10/2021 0:34:59] /goto xitadu
[21/10/2021 0:35:7] /town edron
[21/10/2021 0:35:17] /town gm island
[21/10/2021 0:35:27] /a 20
[21/10/2021 0:35:31] /a 30
[21/10/2021 0:35:34] /goto gm drk
[21/10/2021 1:19:45] /town edron
[21/10/2021 1:24:7] /c pleura
[21/10/2021 1:30:34] /goto pleura
[21/10/2021 1:44:13] /goto bitconha
[21/10/2021 1:44:22] /a 2
[21/10/2021 1:44:24] /up
[21/10/2021 1:44:35] /a 5
[21/10/2021 1:49:15] /a 10
[21/10/2021 1:49:18] /a 5
[21/10/2021 1:49:23] /a 5
[21/10/2021 1:49:24] /a 5
[21/10/2021 1:49:34] /a 3
[21/10/2021 2:4:47] /b maconhaa
[21/10/2021 2:5:19] /b VAMO FUMAAAAAAA
[21/10/2021 2:24:10] /goto bitconha
[21/10/2021 2:59:13] /goto bitcoinha
[21/10/2021 2:59:18] /goto bitcoinha
[21/10/2021 2:59:22] /goto bitconha
[21/10/2021 3:47:47] /goto bitconha
[21/10/2021 3:48:19] /ghost
[21/10/2021 3:48:29] /a 1
[21/10/2021 4:1:8] /c bitconha
[21/10/2021 4:6:23] /town thais
[21/10/2021 4:15:31] /goto johz
[21/10/2021 4:15:52] /a 2
[21/10/2021 4:16:12] /ghost
[21/10/2021 4:21:33] /c bitconha
[21/10/2021 4:23:23] /down
[21/10/2021 4:23:27] /a 2
[21/10/2021 4:23:46] /a 2
[21/10/2021 4:23:47] /a 2
[21/10/2021 4:24:12] /goto johz
[21/10/2021 4:25:32] /goto johz
[21/10/2021 4:26:1] /c johz
[21/10/2021 4:29:0] /a 5
[21/10/2021 4:30:6] /c johz
[21/10/2021 4:31:28] /town ankrahmun
[21/10/2021 4:32:11] /a 2
[21/10/2021 4:32:35] /c bitconha
[21/10/2021 4:32:57] /a 2
[21/10/2021 4:38:54] /goto bitconha
[21/10/2021 4:39:32] /ghost
[21/10/2021 4:39:45] /town ankrahmun
[21/10/2021 4:40:14] /town venore
[21/10/2021 4:40:20] /a 50
[21/10/2021 4:40:21] /a 50
[21/10/2021 4:40:22] /a 50
[21/10/2021 4:40:24] /a 50
[21/10/2021 4:40:27] /a 50
[21/10/2021 4:40:44] /goto johz
[21/10/2021 4:40:51] /up
[21/10/2021 4:41:7] /goto johz
[21/10/2021 4:41:15] /ghost
[21/10/2021 4:42:5] /up
[21/10/2021 4:42:11] /up
[21/10/2021 4:42:12] /up
[21/10/2021 4:44:1] /goto gm drakz
[21/10/2021 4:44:13] /goto gmdrk
[21/10/2021 4:44:21] /goto gm drk
[21/10/2021 4:45:21] /a 50
[21/10/2021 4:45:24] /a 20
[21/10/2021 4:45:25] /a 20
[21/10/2021 4:45:57] /c bitconha
[21/10/2021 4:48:26] /goto edron
[21/10/2021 4:48:30] /town edron
[21/10/2021 4:48:36] /a 25
[21/10/2021 4:48:39] /a 25
[21/10/2021 4:48:44] /c bitconha
[21/10/2021 4:49:50] /goto ankrahmun
[21/10/2021 4:49:54] /town ankrahmun
[21/10/2021 4:50:0] /a 50
[21/10/2021 4:52:36] /goto bitconha
[21/10/2021 4:59:24] /town ankrahmun
[21/10/2021 4:59:32] /a 30
[21/10/2021 4:59:37] /a 30
[21/10/2021 4:59:39] /a 30
[21/10/2021 5:0:9] /cliport
[21/10/2021 5:0:56] /a 2
[21/10/2021 5:1:9] /a 2
[21/10/2021 5:1:33] /a 2
[21/10/2021 5:5:6] /down
[21/10/2021 5:5:23] /a 2
[21/10/2021 5:5:36] /a 5
[21/10/2021 5:5:42] /a 5
[21/10/2021 5:7:44] /down
[21/10/2021 5:7:49] /down
[21/10/2021 5:7:53] /down
[21/10/2021 15:55:2] /goto bitconha
[21/10/2021 15:55:9] /c xitadu
[21/10/2021 15:58:24] /town gm island
[21/10/2021 15:58:42] /c xitadu
[21/10/2021 15:58:52] /c bitconha
[21/10/2021 16:2:38] /a 50
[21/10/2021 16:2:42] /a 100
[21/10/2021 16:3:31] /town thais
[21/10/2021 16:3:35] /a 100
[21/10/2021 16:3:36] /a 100
[21/10/2021 16:3:38] /a 50
[21/10/2021 16:3:41] /a 5
[21/10/2021 16:3:44] /a 15
[21/10/2021 16:3:46] /a 5
[21/10/2021 16:3:51] /c xitadu
[21/10/2021 16:4:0] /c bitconha
[21/10/2021 19:18:39] /a 4
[21/10/2021 19:35:50] /c Drakking
[21/10/2021 20:2:41] /a 10
[21/10/2021 20:2:45] /a 5
[21/10/2021 20:2:49] /goto world traveler
[21/10/2021 20:4:6] /a 2
[21/10/2021 20:11:3] /town edron
[21/10/2021 20:12:23] /town thais
[21/10/2021 20:18:1] /addskill level 
[21/10/2021 20:18:7] /addskill level 5
[21/10/2021 20:18:11] /addskill level gm cloud
[21/10/2021 20:18:18] /addskill level "gm cloud"
[21/10/2021 20:18:26] /addskill level, gm cloud
[21/10/2021 20:18:27] /addskill level, gm cloud
[21/10/2021 20:18:40] /addskill level 5, gm cloud
[21/10/2021 20:18:49] /addskill gm cloud, level
[21/10/2021 20:18:50] /addskill gm cloud, level
[21/10/2021 20:18:50] /addskill gm cloud, level
[21/10/2021 20:18:51] /addskill gm cloud, level
[21/10/2021 20:18:51] /addskill gm cloud, level
[21/10/2021 20:18:52] /addskill gm cloud, level
[21/10/2021 20:18:53] /addskill gm cloud, level
[21/10/2021 20:50:44] /goto god chr
[21/10/2021 20:51:48] /goto captain cobrador
[21/10/2021 21:48:6] /town kazordoon
[21/10/2021 21:52:48] /town venore
[21/10/2021 21:52:52] /town thais
[21/10/2021 21:53:18] /town edron
[21/10/2021 21:53:20] /up
[21/10/2021 21:53:23] /a 10
[21/10/2021 22:14:53] /goto world traveler
[21/10/2021 22:15:21] /goto world traveler
[21/10/2021 22:16:53] /goto world traveler
[21/10/2021 22:25:20] /town venore
[21/10/2021 22:28:31] /town edron
[21/10/2021 22:48:18] /a 5
[21/10/2021 22:48:19] /a 5
[21/10/2021 22:59:17] /a 5
[21/10/2021 22:59:20] /a 5
[21/10/2021 23:8:30] /goto godchr
[21/10/2021 23:8:33] /goto god chr
[22/10/2021 1:1:51] /b npc pros trainer n deu good ainda
[22/10/2021 1:1:58] /b paciencia moçada
[22/10/2021 1:28:44] /goto world traveler
[22/10/2021 1:28:51] /c pleura
[22/10/2021 1:31:34] /b quem quiser vir trainer me avisa que eu puxo
[22/10/2021 2:27:20] /c pleura
[22/10/2021 2:42:5] /goto pleura
[22/10/2021 2:42:23] /m cyclops
[22/10/2021 2:42:23] /m cyclops
[22/10/2021 2:42:24] /m cyclops
[22/10/2021 2:42:24] /m cyclops
[22/10/2021 2:42:24] /m cyclops
[22/10/2021 2:42:24] /m cyclops
[22/10/2021 2:42:24] /m cyclops
[22/10/2021 2:42:24] /m cyclops
[22/10/2021 2:42:24] /m cyclops
[22/10/2021 2:42:25] /m cyclops
[22/10/2021 2:42:25] /m cyclops
[22/10/2021 2:42:25] /m cyclops
[22/10/2021 2:42:25] /m cyclops
[22/10/2021 2:42:25] /m cyclops
[22/10/2021 2:42:26] /m cyclops
[22/10/2021 2:42:26] /m cyclops
[22/10/2021 2:44:0] /m cyclops
[22/10/2021 2:44:0] /m cyclops
[22/10/2021 2:44:0] /m cyclops
[22/10/2021 2:44:1] /m cyclops
[22/10/2021 2:44:1] /m cyclops
[22/10/2021 2:44:1] /m cyclops
[22/10/2021 2:44:1] /m cyclops
[22/10/2021 2:44:1] /m cyclops
[22/10/2021 2:44:22] /goto bitconha
[22/10/2021 2:44:36] /i 2304
[22/10/2021 2:44:44] /goto pleura
[22/10/2021 2:44:48] /i 2304
[22/10/2021 2:44:49] /i 2304
[22/10/2021 2:44:58] /m cyclops
[22/10/2021 2:44:58] /m cyclops
[22/10/2021 2:44:58] /m cyclops
[22/10/2021 2:44:58] /m cyclops
[22/10/2021 2:44:58] /m cyclops
[22/10/2021 2:44:58] /m cyclops
[22/10/2021 2:44:59] /m cyclops
[22/10/2021 2:44:59] /m cyclops
[22/10/2021 2:44:59] /m cyclops
[22/10/2021 2:44:59] /m cyclops
[22/10/2021 2:44:59] /m cyclops
[22/10/2021 2:44:59] /m cyclops
[22/10/2021 2:44:59] /m cyclops
[22/10/2021 2:45:0] /m cyclops
[22/10/2021 2:45:0] /m cyclops
[22/10/2021 2:45:0] /m cyclops
[22/10/2021 2:45:0] /m cyclops
[22/10/2021 2:45:0] /m cyclops
[22/10/2021 2:45:0] /m cyclops
[22/10/2021 2:45:0] /m cyclops
[22/10/2021 2:45:1] /m cyclops
[22/10/2021 2:45:1] /m cyclops
[22/10/2021 2:45:1] /m cyclops
[22/10/2021 2:45:1] /m cyclops
[22/10/2021 2:45:1] /m cyclops
[22/10/2021 2:45:1] /m cyclops
[22/10/2021 2:45:1] /m cyclops
[22/10/2021 2:45:2] /m cyclops
[22/10/2021 2:45:2] /m cyclops
[22/10/2021 2:45:2] /m cyclops
[22/10/2021 2:45:2] /m cyclops
[22/10/2021 2:45:2] /m cyclops
[22/10/2021 2:45:2] /m cyclops
[22/10/2021 2:45:3] /m cyclops
[22/10/2021 2:45:3] /m cyclops
[22/10/2021 2:45:3] /m cyclops
[22/10/2021 2:45:3] /m cyclops
[22/10/2021 2:45:3] /m cyclops
[22/10/2021 2:45:3] /m cyclops
[22/10/2021 2:45:3] /m cyclops
[22/10/2021 2:45:4] /m cyclops
[22/10/2021 2:45:4] /m cyclops
[22/10/2021 2:45:4] /m cyclops
[22/10/2021 2:45:4] /m cyclops
[22/10/2021 2:45:4] /m cyclops
[22/10/2021 2:45:4] /m cyclops
[22/10/2021 2:45:5] /m cyclops
[22/10/2021 2:45:5] /m cyclops
[22/10/2021 2:45:5] /m cyclops
[22/10/2021 2:45:5] /m cyclops
[22/10/2021 2:45:5] /m cyclops
[22/10/2021 2:45:5] /m cyclops
[22/10/2021 2:45:6] /m cyclops
[22/10/2021 2:45:6] /m cyclops
[22/10/2021 2:45:6] /m cyclops
[22/10/2021 2:45:6] /m cyclops
[22/10/2021 2:45:6] /m cyclops
[22/10/2021 2:45:6] /m cyclops
[22/10/2021 2:45:6] /m cyclops
[22/10/2021 2:45:7] /m cyclops
[22/10/2021 2:45:7] /m cyclops
[22/10/2021 2:45:7] /m cyclops
[22/10/2021 2:45:7] /m cyclops
[22/10/2021 2:45:7] /m cyclops
[22/10/2021 2:45:7] /m cyclops
[22/10/2021 2:45:8] /m cyclops
[22/10/2021 2:45:8] /m cyclops
[22/10/2021 2:45:8] /m cyclops
[22/10/2021 2:45:8] /m cyclops
[22/10/2021 2:45:8] /m cyclops
[22/10/2021 2:45:8] /m cyclops
[22/10/2021 2:45:9] /m cyclops
[22/10/2021 2:45:9] /m cyclops
[22/10/2021 2:45:9] /m cyclops
[22/10/2021 2:45:9] /m cyclops
[22/10/2021 2:45:9] /m cyclops
[22/10/2021 2:45:9] /m cyclops
[22/10/2021 2:45:10] /m cyclops
[22/10/2021 2:45:10] /m cyclops
[22/10/2021 2:45:10] /m cyclops
[22/10/2021 2:45:10] /m cyclops
[22/10/2021 2:45:10] /m cyclops
[22/10/2021 2:45:11] /m cyclops
[22/10/2021 2:45:11] /m cyclops
[22/10/2021 2:45:11] /m cyclops
[22/10/2021 2:45:11] /m cyclops
[22/10/2021 2:45:11] /m cyclops
[22/10/2021 2:45:11] /m cyclops
[22/10/2021 2:45:12] /m cyclops
[22/10/2021 2:45:12] /m cyclops
[22/10/2021 2:45:12] /m cyclops
[22/10/2021 2:45:12] /m cyclops
[22/10/2021 2:45:12] /m cyclops
[22/10/2021 2:45:12] /m cyclops
[22/10/2021 2:45:13] /m cyclops
[22/10/2021 2:45:13] /m cyclops
[22/10/2021 2:45:13] /m cyclops
[22/10/2021 2:45:13] /m cyclops
[22/10/2021 2:45:18] /m cyclops
[22/10/2021 2:45:46] /goto xitadu
[22/10/2021 2:45:49] /c pleura
[22/10/2021 2:45:58] /a 10
[22/10/2021 2:46:3] /a 10
[22/10/2021 2:46:10] /a 10
[22/10/2021 2:46:17] /goto xitadu
[22/10/2021 2:46:19] /up
[22/10/2021 2:46:21] /down
[22/10/2021 2:46:31] /a 10
[22/10/2021 2:46:48] /a 1
[22/10/2021 2:46:50] /a 1
[22/10/2021 2:48:4] /a 11
[22/10/2021 2:48:44] /a 11
[22/10/2021 2:48:48] /a 11
[22/10/2021 2:48:52] /a 10
[22/10/2021 2:48:55] /a 10
[22/10/2021 2:49:0] /a 10
[22/10/2021 2:49:2] /a 10
[22/10/2021 2:51:6] /a 10
[22/10/2021 2:51:10] /a 10
[22/10/2021 2:53:18] /a 10
[22/10/2021 2:53:22] /a 10
[22/10/2021 2:53:31] /a 10
[22/10/2021 2:53:39] /a 3
[22/10/2021 2:53:42] /a 1
[22/10/2021 2:53:52] /a 2
[22/10/2021 2:53:58] /a 2
[22/10/2021 2:54:4] /a 2
[22/10/2021 2:54:7] /a 11
[22/10/2021 2:54:21] /a 10
[22/10/2021 2:54:23] /a 10
[22/10/2021 2:55:2] /a 10
[22/10/2021 2:55:13] /a 10
[22/10/2021 2:56:20] /kick pleura
[22/10/2021 2:59:1] /m demon
[22/10/2021 2:59:4] /a 2
[22/10/2021 2:59:6] /a 2
[22/10/2021 2:59:53] /m demon
[22/10/2021 2:59:55] /a 2
[22/10/2021 3:2:16] /a 2
[22/10/2021 3:2:28] /a 2
[22/10/2021 3:2:29] /a 2
[22/10/2021 3:2:30] /a 2
[22/10/2021 3:5:28] /save
[22/10/2021 3:10:9] /a 10
[22/10/2021 3:10:13] /a 10
[22/10/2021 3:14:7] /goto pleura
[22/10/2021 3:14:12] /a 3
[22/10/2021 3:16:0] /goto johz
[22/10/2021 3:16:22] /c tirubila
[22/10/2021 3:16:28] /goto pleura
[22/10/2021 3:16:48] /kick drakking
[22/10/2021 3:19:9] /goto johz
[22/10/2021 3:19:26] /goto pleura
[22/10/2021 3:37:13] /goto pleura
[22/10/2021 3:37:21] /down
[22/10/2021 3:37:32] /up
[22/10/2021 3:38:26] /b You see a dead human (Vol:10). You recognize Drakking. He was killed by a demon.
[22/10/2021 3:40:39] /b You see a dead human (Vol:10). You recognize Pleura. He was killed by a demon.
[22/10/2021 3:48:12] /goto pleura
[22/10/2021 4:44:6] /goto johz
[22/10/2021 4:44:12] /down
[22/10/2021 4:44:15] /up
[22/10/2021 4:44:26] /down
[22/10/2021 4:44:46] /i 145
[22/10/2021 4:44:56] /i 154
[22/10/2021 4:45:5] /down
[22/10/2021 4:45:7] /up
[22/10/2021 4:45:13] /down
[22/10/2021 4:45:16] /c pleura
[22/10/2021 4:45:19] /c johz
[22/10/2021 4:45:22] /c drakking
[22/10/2021 4:45:40] /a 2
[22/10/2021 4:45:47] /down
[22/10/2021 4:45:51] /up
[22/10/2021 4:46:22] /addskill gm cloud, level 50
[22/10/2021 4:46:26] /addskill gm cloud, level 5
[22/10/2021 4:46:34] /addskill gm cloud, level 
[22/10/2021 4:46:34] /addskill gm cloud, level
[22/10/2021 4:46:35] /addskill gm cloud, level
[22/10/2021 4:46:35] /addskill gm cloud, level
[22/10/2021 4:46:36] /addskill gm cloud, level
[22/10/2021 4:46:36] /addskill gm cloud, level
[22/10/2021 4:46:37] /addskill gm cloud, level
[22/10/2021 4:46:37] /addskill gm cloud, level
[22/10/2021 4:46:40] /goto pleura
[22/10/2021 4:46:43] /a 5
[22/10/2021 4:47:8] /down
[22/10/2021 4:47:11] /up
[22/10/2021 4:47:23] /a 5
[22/10/2021 4:47:36] /up
[22/10/2021 4:47:42] /up
[22/10/2021 4:49:36] /goto johz
[22/10/2021 4:49:38] /goto johz
[22/10/2021 4:49:43] /a 2
[22/10/2021 4:49:47] /a 2
[22/10/2021 4:51:20] /up
[22/10/2021 4:51:24] /a 2
[22/10/2021 4:51:26] /a 2
[22/10/2021 4:51:28] /a 2
[22/10/2021 4:51:29] /a 2
[22/10/2021 4:51:29] /a 2
[22/10/2021 4:51:30] /a 2
[22/10/2021 4:51:57] /addskill gm cloud, level
[22/10/2021 4:51:59] /addskill gm cloud, level
[22/10/2021 4:51:59] /addskill gm cloud, level
[22/10/2021 4:51:59] /addskill gm cloud, level
[22/10/2021 4:52:0] /addskill gm cloud, level
[22/10/2021 4:52:0] /addskill gm cloud, level
[22/10/2021 4:52:1] /addskill gm cloud, level
[22/10/2021 4:52:1] /addskill gm cloud, level
[22/10/2021 4:52:2] /addskill gm cloud, level
[22/10/2021 4:52:3] /addskill gm cloud, level
[22/10/2021 4:52:3] /addskill gm cloud, level
[22/10/2021 4:52:3] /addskill gm cloud, level
[22/10/2021 4:52:4] /addskill gm cloud, level
[22/10/2021 4:52:4] /addskill gm cloud, level
[22/10/2021 4:52:5] /addskill gm cloud, level
[22/10/2021 4:52:5] /addskill gm cloud, level
[22/10/2021 4:52:6] /addskill gm cloud, level
[22/10/2021 4:52:13] /a 2
[22/10/2021 4:52:25] /a 3
[22/10/2021 4:52:27] /a 3
[22/10/2021 4:52:28] /a 3
[22/10/2021 4:52:29] /a 3
[22/10/2021 4:52:29] /a 3
[22/10/2021 4:52:29] /a 3
[22/10/2021 4:52:30] /a 3
[22/10/2021 4:52:31] /a 3
[22/10/2021 4:52:34] /a 3
[22/10/2021 4:52:34] /a 3
[22/10/2021 4:52:35] /a 3
[22/10/2021 4:52:35] /a 3
[22/10/2021 4:52:39] /a 1
[22/10/2021 4:52:46] /a 2
[22/10/2021 4:52:50] /a 3
[22/10/2021 4:52:55] /a 5
[22/10/2021 4:52:57] /a 5
[22/10/2021 4:52:57] /a 5
[22/10/2021 4:52:58] /a 5
[22/10/2021 4:52:58] /a 5
[22/10/2021 4:52:59] /a 5
[22/10/2021 4:53:0] /a 5
[22/10/2021 4:53:27] /addskill gm cloud, level
[22/10/2021 4:53:28] /addskill gm cloud, level
[22/10/2021 4:53:28] /addskill gm cloud, level
[22/10/2021 4:53:29] /addskill gm cloud, level
[22/10/2021 4:53:29] /addskill gm cloud, level
[22/10/2021 4:53:30] /addskill gm cloud, level
[22/10/2021 4:53:30] /addskill gm cloud, level
[22/10/2021 4:53:31] /addskill gm cloud, level
[22/10/2021 4:53:31] /addskill gm cloud, level
[22/10/2021 4:53:32] /addskill gm cloud, level
[22/10/2021 4:53:33] /addskill gm cloud, level
[22/10/2021 4:53:33] /addskill gm cloud, level
[22/10/2021 4:53:34] /addskill gm cloud, level
[22/10/2021 4:53:34] /addskill gm cloud, level
[22/10/2021 4:53:35] /addskill gm cloud, level
[22/10/2021 4:53:35] /addskill gm cloud, level
[22/10/2021 4:53:36] /addskill gm cloud, level
[22/10/2021 4:53:36] /addskill gm cloud, level
[22/10/2021 4:53:37] /addskill gm cloud, level
[22/10/2021 4:53:37] /addskill gm cloud, level
[22/10/2021 4:53:38] /addskill gm cloud, level
[22/10/2021 4:53:38] /addskill gm cloud, level
[22/10/2021 4:53:39] /addskill gm cloud, level
[22/10/2021 4:53:40] /addskill gm cloud, level
[22/10/2021 4:53:40] /addskill gm cloud, level
[22/10/2021 4:53:41] /addskill gm cloud, level
[22/10/2021 4:53:42] /addskill gm cloud, level
[22/10/2021 4:53:42] /addskill gm cloud, level
[22/10/2021 4:53:43] /addskill gm cloud, level
[22/10/2021 4:53:44] /addskill gm cloud, level
[22/10/2021 4:53:45] /addskill gm cloud, level
[22/10/2021 4:53:46] /addskill gm cloud, level
[22/10/2021 4:53:46] /addskill gm cloud, level
[22/10/2021 4:53:47] /addskill gm cloud, level
[22/10/2021 4:53:48] /addskill gm cloud, level
[22/10/2021 4:53:49] /addskill gm cloud, level
[22/10/2021 4:53:49] /addskill gm cloud, level
[22/10/2021 4:53:50] /addskill gm cloud, level
[22/10/2021 4:53:50] /addskill gm cloud, level
[22/10/2021 4:53:51] /addskill gm cloud, level
[22/10/2021 4:53:52] /addskill gm cloud, level
[22/10/2021 4:53:54] /a 5
[22/10/2021 4:53:56] /addskill gm cloud, level
[22/10/2021 4:53:56] /addskill gm cloud, level
[22/10/2021 4:53:57] /addskill gm cloud, level
[22/10/2021 4:53:57] /addskill gm cloud, level
[22/10/2021 4:53:58] /addskill gm cloud, level
[22/10/2021 4:53:58] /addskill gm cloud, level
[22/10/2021 4:53:59] /addskill gm cloud, level
[22/10/2021 4:53:59] /addskill gm cloud, level
[22/10/2021 4:54:0] /addskill gm cloud, level
[22/10/2021 4:54:0] /addskill gm cloud, level
[22/10/2021 4:54:2] /addskill gm cloud, level
[22/10/2021 4:54:3] /addskill gm cloud, level
[22/10/2021 4:54:4] /addskill gm cloud, level
[22/10/2021 4:54:4] /addskill gm cloud, level
[22/10/2021 4:54:5] /addskill gm cloud, level
[22/10/2021 4:54:5] /addskill gm cloud, level
[22/10/2021 4:54:6] /addskill gm cloud, level
[22/10/2021 4:54:7] /addskill gm cloud, level
[22/10/2021 4:54:7] /addskill gm cloud, level
[22/10/2021 4:54:8] /addskill gm cloud, level
[22/10/2021 4:54:8] /addskill gm cloud, level
[22/10/2021 4:54:9] /addskill gm cloud, level
[22/10/2021 4:55:22] /a 3
[22/10/2021 4:55:28] /a 3
[22/10/2021 4:58:40] /down
[22/10/2021 4:58:43] /a 2
[22/10/2021 5:2:45] /a 10
[22/10/2021 5:2:47] /a 10
[22/10/2021 5:2:48] /a 10
[22/10/2021 5:3:30] /goto johz
[22/10/2021 5:3:43] /a 5
[22/10/2021 5:5:21] /c bitconha
[22/10/2021 5:44:25] /goto pleura
[22/10/2021 5:44:41] /a 20
[22/10/2021 5:44:44] /a 20
[22/10/2021 5:44:46] /up
[22/10/2021 5:44:48] /down
[22/10/2021 5:46:27] /goto drakking
[22/10/2021 5:47:3] /goto pleura
[22/10/2021 5:48:4] /goto johz
[22/10/2021 5:50:7] /goto pleura
[22/10/2021 5:50:59] /goto drk
[22/10/2021 5:51:6] /goto drk
[22/10/2021 5:51:12] /goto gm drk
[22/10/2021 5:52:35] /up
[22/10/2021 5:53:3] /goto edron
[22/10/2021 5:53:8] /town edron
[22/10/2021 5:53:26] /c bitconha
[22/10/2021 16:25:51] /goto world traveler
[22/10/2021 16:25:54] /c drakking
[22/10/2021 16:26:2] /b viva a cannabis
[22/10/2021 16:31:3] /c bitonha
[22/10/2021 16:31:9] /c bitconha
[22/10/2021 18:43:4] /goto gm rk
[22/10/2021 18:43:8] /goto gm drk
[22/10/2021 18:43:16] /goto worldtraveler
[22/10/2021 18:43:21] /goto world traveler
[22/10/2021 18:56:40] /goto pleura
[22/10/2021 18:57:38] /goto world traveler
[22/10/2021 18:57:40] /c plerua
[22/10/2021 18:57:43] /c pleura
[22/10/2021 19:41:3] /town edron
[22/10/2021 19:41:8] /goto world traveler
[22/10/2021 20:18:54] /town edron
[22/10/2021 20:19:2] /a 10
[22/10/2021 20:19:3] /a 10
[22/10/2021 20:19:5] /a 10
[22/10/2021 20:23:36] /goto world traveler
[22/10/2021 20:47:31] /b Drakking is looking at you.
[22/10/2021 22:25:15] /goto tirubila
[22/10/2021 22:28:46] /a 10
[22/10/2021 22:29:12] /a 200
[22/10/2021 22:29:46] /a 100
[22/10/2021 22:30:24] /b maconia
[22/10/2021 22:30:32] /goto world traveler
[22/10/2021 22:39:46] /goto dragon
[22/10/2021 22:39:48] /goto dragon
[22/10/2021 22:39:50] /goto dragon
[22/10/2021 22:40:13] /goto dragon
[22/10/2021 22:40:14] /goto dragon
[22/10/2021 22:40:15] /goto dragon
[22/10/2021 22:40:15] /goto dragon
[22/10/2021 22:40:15] /goto dragon
[22/10/2021 22:40:15] /goto dragon
[22/10/2021 22:40:16] /goto dragon
[22/10/2021 22:40:16] /goto dragon
[22/10/2021 22:40:16] /goto dragon
[22/10/2021 22:41:0] /goto dragon
[22/10/2021 22:41:1] /goto dragon
[22/10/2021 22:41:23] /goto dragon
[22/10/2021 22:41:24] /goto dragon
[22/10/2021 22:41:32] /goto dragon
[22/10/2021 22:41:39] /goto dragon
[22/10/2021 22:41:45] /goto dragon
[22/10/2021 22:41:53] /goto dragon
[22/10/2021 22:42:2] /goto dragon
[22/10/2021 22:43:2] /up
[22/10/2021 22:43:7] /up
[22/10/2021 22:43:9] /up
[22/10/2021 22:43:28] /up
[22/10/2021 22:43:29] /up
[22/10/2021 22:43:33] /up
[22/10/2021 22:43:35] /up
[22/10/2021 22:44:4] /a 2
[22/10/2021 22:44:13] /a 2
[22/10/2021 22:44:32] /up
[22/10/2021 22:45:4] /up
[22/10/2021 22:45:6] /up
[22/10/2021 22:45:19] /a 2
[22/10/2021 22:45:53] /down
[22/10/2021 22:46:17] /a 2
[22/10/2021 22:46:38] /a 2
[22/10/2021 22:46:40] /a 2
[22/10/2021 22:47:0] /a 2
[22/10/2021 22:47:23] /up
[22/10/2021 22:47:34] /a 2
[22/10/2021 22:48:4] /a 2
[22/10/2021 22:48:10] /a 2
[22/10/2021 22:48:43] /a 2
[22/10/2021 22:48:55] /a 2
[22/10/2021 22:50:3] /a 2
[22/10/2021 22:50:30] /a 2
[22/10/2021 22:50:42] /a 2
[22/10/2021 22:50:44] /a 2
[22/10/2021 22:51:23] /a 10
[22/10/2021 22:51:24] /a 10
[22/10/2021 22:51:24] /a 10
[22/10/2021 22:51:25] /a 10
[22/10/2021 22:51:25] /a 10
[22/10/2021 22:51:26] /a 10
[22/10/2021 22:51:27] /a 10
[22/10/2021 22:51:32] /a 10/up
[22/10/2021 22:51:33] /up
[22/10/2021 22:51:47] /up
[22/10/2021 22:52:8] /up
[22/10/2021 22:52:11] /down
[22/10/2021 22:52:59] /up
[22/10/2021 22:53:5] /up
[22/10/2021 22:53:11] /down
[22/10/2021 22:53:14] /up
[22/10/2021 22:53:25] /a 2
[22/10/2021 22:55:3] /a 3
[22/10/2021 22:55:6] /a 3
[22/10/2021 22:55:7] /a 3
[22/10/2021 22:55:10] /a 3
[22/10/2021 22:55:44] /up
[22/10/2021 22:56:0] /up
[22/10/2021 22:56:3] /a 10
[22/10/2021 22:56:6] /a 2
[22/10/2021 22:56:10] /a 2
[22/10/2021 22:56:33] /a 20
[22/10/2021 22:56:34] /a 20
[22/10/2021 22:56:35] /a 20
[22/10/2021 22:56:39] /a 5
[22/10/2021 22:57:35] /a 5
[22/10/2021 22:57:37] /a 5
[22/10/2021 22:57:38] /a 5
[22/10/2021 22:57:39] /a 5
[22/10/2021 22:57:40] /a 5
[22/10/2021 22:57:41] /a 5
[22/10/2021 22:57:42] /a 5
[22/10/2021 22:57:43] /a 5
[22/10/2021 22:57:45] /a 5
[22/10/2021 22:57:46] /a 5
[22/10/2021 22:57:47] /a 5
[22/10/2021 22:57:48] /a 5
[22/10/2021 22:57:50] /a 20
[22/10/2021 22:57:52] /a 20
[22/10/2021 22:57:57] /a 5
[22/10/2021 22:57:58] /a 5
[22/10/2021 23:0:46] /goto drakking
[22/10/2021 23:0:52] /town carlin
[22/10/2021 23:7:40] /a 15
[22/10/2021 23:9:51] /down
[22/10/2021 23:9:58] /a 10
[22/10/2021 23:13:40] /down
[22/10/2021 23:13:42] /up
[22/10/2021 23:13:55] /a 5
[22/10/2021 23:13:57] /a 5
[22/10/2021 23:13:59] /a 5
[22/10/2021 23:14:14] /up
[22/10/2021 23:14:21] /down
[22/10/2021 23:14:47] /a 3
[22/10/2021 23:14:52] /down
[22/10/2021 23:14:56] /a 4
[22/10/2021 23:15:4] /a 3
[22/10/2021 23:15:6] /a 2
[22/10/2021 23:15:10] /up
[22/10/2021 23:15:14] /a 20
[22/10/2021 23:15:23] /a 20
[22/10/2021 23:15:44] /a 20
[22/10/2021 23:15:49] /a 20
[22/10/2021 23:15:59] /a 20
[22/10/2021 23:16:0] /a 20
[22/10/2021 23:16:1] /a 20
[22/10/2021 23:16:1] /a 20
[22/10/2021 23:16:2] /a 20
[22/10/2021 23:16:47] /down
[22/10/2021 23:16:52] /up
[22/10/2021 23:17:41] /a 2
[22/10/2021 23:17:50] /down
[22/10/2021 23:17:53] /up
[22/10/2021 23:17:56] /down
[22/10/2021 23:18:2] /up
[22/10/2021 23:18:44] /a 20
[22/10/2021 23:18:46] /a 20
[22/10/2021 23:18:53] /a 20
[22/10/2021 23:24:56] /a 2
[22/10/2021 23:25:55] /a 2
[22/10/2021 23:26:46] /a 5
[22/10/2021 23:26:47] /a 5
[22/10/2021 23:26:48] /a 5
[22/10/2021 23:26:49] /a 5
[22/10/2021 23:26:49] /a 5
[22/10/2021 23:26:50] /a 5
[22/10/2021 23:26:50] /a 5
[22/10/2021 23:26:51] /a 5
[22/10/2021 23:26:51] /a 5
[22/10/2021 23:26:52] /a 5
[22/10/2021 23:26:53] /a 2
[22/10/2021 23:26:54] /a 2
[22/10/2021 23:26:54] /a 2
[22/10/2021 23:26:55] /a 2
[22/10/2021 23:27:9] /a 5
[22/10/2021 23:27:17] /a 5
[22/10/2021 23:27:18] /a 5
[22/10/2021 23:27:18] /a 5
[22/10/2021 23:27:19] /a 5
[22/10/2021 23:27:24] /up
[22/10/2021 23:27:29] /down
[22/10/2021 23:27:33] /up
[22/10/2021 23:28:33] /a 5
[22/10/2021 23:28:37] /a 5
[22/10/2021 23:28:38] /a 5
[22/10/2021 23:28:42] /a 5
[22/10/2021 23:28:46] /a 5
[22/10/2021 23:28:49] /up
[22/10/2021 23:28:54] /up
[22/10/2021 23:29:0] /up
[22/10/2021 23:29:2] /up
[22/10/2021 23:29:3] /up
[22/10/2021 23:29:5] /a 5
[22/10/2021 23:29:6] /a 5
[22/10/2021 23:29:6] /a 5
[22/10/2021 23:29:9] /a 5
[22/10/2021 23:29:9] /a 5
[22/10/2021 23:29:10] /a 5
[22/10/2021 23:29:10] /a 5
[22/10/2021 23:29:10] /a 5
[22/10/2021 23:29:10] /a 5
[22/10/2021 23:29:11] /a 5
[22/10/2021 23:29:11] /a 5
[22/10/2021 23:29:11] /a 5
[22/10/2021 23:29:12] /a 5
[22/10/2021 23:29:12] /a 5
[22/10/2021 23:29:12] /a 5
[22/10/2021 23:29:13] /a 5
[22/10/2021 23:29:13] /a 5
[22/10/2021 23:29:13] /a 5
[22/10/2021 23:29:14] /a 5
[22/10/2021 23:29:14] /a 5
[22/10/2021 23:29:14] /a 5
[22/10/2021 23:29:16] /a 5
[22/10/2021 23:29:16] /a 5
[22/10/2021 23:29:16] /a 5
[22/10/2021 23:29:16] /a 5
[22/10/2021 23:29:17] /a 5
[22/10/2021 23:29:17] /a 5
[22/10/2021 23:29:17] /a 5
[22/10/2021 23:29:17] /a 5
[22/10/2021 23:29:17] /a 5
[22/10/2021 23:29:20] /a 5
[22/10/2021 23:29:21] /a 5
[22/10/2021 23:29:21] /a 5
[22/10/2021 23:29:21] /a 5
[22/10/2021 23:29:24] /a 5
[22/10/2021 23:29:26] /a 5
[22/10/2021 23:29:27] /a 5
[22/10/2021 23:29:28] /a 5
[22/10/2021 23:29:31] /a 5
[22/10/2021 23:29:32] /a 5
[22/10/2021 23:29:33] /a 5
[22/10/2021 23:29:34] /a 5
[22/10/2021 23:29:34] /a 5
[22/10/2021 23:29:35] /a 5
[22/10/2021 23:29:38] /a 5
[24/10/2021 21:16:13] /town ankrahmun
[24/10/2021 21:17:48] /town darashia
[24/10/2021 21:18:13] /c player killer
[24/10/2021 21:21:53] /town edron
[24/10/2021 21:21:56] /up
[24/10/2021 21:21:58] /a 3
[24/10/2021 21:22:12] /goto player killer
[24/10/2021 21:27:58] /goto jack sperma
[24/10/2021 21:28:9] /goto jack sperma
[24/10/2021 21:28:10] /goto jack sperma
[24/10/2021 21:28:11] /goto jack sperma
[24/10/2021 21:28:11] /goto jack sperma
[24/10/2021 21:28:12] /goto jack sperma
[24/10/2021 21:28:13] /goto jack sperma
[24/10/2021 21:28:13] /goto jack sperma
[24/10/2021 21:33:39] /goto bitconha
[24/10/2021 21:34:0] /i 2160
[24/10/2021 21:34:15] /c player killer
[24/10/2021 21:34:37] /goto demon
[24/10/2021 21:34:55] /up
[24/10/2021 21:35:13] /a 5
[24/10/2021 21:35:14] /a 5
[24/10/2021 21:35:34] /goto player killer
[24/10/2021 21:38:18] /goto ankrahmun
[24/10/2021 21:38:28] /town thais
[24/10/2021 21:38:38] /town venore
[24/10/2021 21:39:11] /goto player killer
[24/10/2021 21:41:0] /goto ankrahmun
[24/10/2021 21:41:4] /town ankrahmun
[24/10/2021 21:41:33] /a 20
[24/10/2021 21:41:35] /a 20
[24/10/2021 21:41:35] /a 20
[24/10/2021 21:41:35] /a 20
[24/10/2021 21:41:36] /a 20
[24/10/2021 21:41:45] /c player killer
[24/10/2021 21:55:46] /goto world traveler
[24/10/2021 21:55:52] /c tiruliba
[24/10/2021 21:55:55] /c tirubila
[24/10/2021 22:1:7] /c tirubila
[24/10/2021 22:18:15] /town ankrahmun
[24/10/2021 22:18:19] /a 20
[24/10/2021 22:18:20] /a 20
[24/10/2021 22:18:21] /a 20
[24/10/2021 22:18:22] /a 20
[24/10/2021 22:18:23] /a 20
[24/10/2021 22:18:24] /a 20
[24/10/2021 22:26:12] /goto player killer
[24/10/2021 22:26:22] /a 50
[24/10/2021 22:27:14] /a 300
[24/10/2021 22:27:17] /a 200
[24/10/2021 22:27:20] /a 400
[24/10/2021 22:27:22] /a 200
[24/10/2021 22:27:24] /a 100
[24/10/2021 22:27:25] /a 100
[24/10/2021 22:27:30] /goto xitadu
[24/10/2021 22:46:26] /goto xitadu[
[24/10/2021 22:46:27] /goto xitadu
[24/10/2021 22:46:37] /goto world traveler
[24/10/2021 22:46:42] /c xitadu
[24/10/2021 22:47:43] /goto player killer
[24/10/2021 22:56:54] /goto player killer
[24/10/2021 22:57:2] /town edorn
[24/10/2021 22:57:6] /town edron
[24/10/2021 23:14:50] /goto world trveler
[24/10/2021 23:14:54] /goto world traveler
[24/10/2021 23:15:4] /c player killer
[25/10/2021 0:54:59] /goto pleura
[25/10/2021 1:2:50] /kick bitconha
[25/10/2021 1:3:19] /kick player killer
[25/10/2021 1:8:12] /c forteras
[25/10/2021 1:11:50] /goto ankrahmun
[25/10/2021 1:11:56] /town ankrahmun
[25/10/2021 1:12:27] /c bitconha
[25/10/2021 1:12:31] /goto dragon lord
[25/10/2021 1:12:32] /goto dragon lord
[25/10/2021 1:12:33] /c bitconha
[25/10/2021 1:13:43] /i 2160
[25/10/2021 1:14:1] /town ankrahmun
[25/10/2021 1:14:54] /goto bitconha
[25/10/2021 1:14:57] /ghost
[25/10/2021 1:15:53] /goto dragon lord
[25/10/2021 1:15:55] /goto dragon lord
[25/10/2021 1:15:56] /goto dragon lord
[25/10/2021 1:15:57] /goto dragon lord
[25/10/2021 1:16:5] /goto dragon
[25/10/2021 1:16:7] /goto dragon lord
[25/10/2021 1:16:9] /goto dragon lord 2
[25/10/2021 1:16:22] /goto warlock
[25/10/2021 1:16:26] /goto warlok
[25/10/2021 1:16:28] /goto warlock
[25/10/2021 1:16:34] /goto warlokc
[25/10/2021 1:16:39] /goto demon
[25/10/2021 1:16:48] /goto dragon lord
[25/10/2021 1:16:56] /c bitconha
[25/10/2021 1:17:19] /goto dragon lord
[25/10/2021 1:17:36] /c bitconha
[25/10/2021 1:25:37] /goto bitconha
[25/10/2021 1:26:20] /ghost
[25/10/2021 1:29:18] /goto dragon lord
[25/10/2021 1:29:23] /c bitconha
[25/10/2021 1:29:39] /goto dragon lord
[25/10/2021 1:29:40] /c bitconha
[25/10/2021 1:30:2] /goto dragon lord
[25/10/2021 1:30:4] /goto dragon lord
[25/10/2021 1:30:6] /goto dragon lord
[25/10/2021 1:30:8] /goto dragon lord
[25/10/2021 1:30:11] /town
[25/10/2021 1:30:32] /town venore
[25/10/2021 1:33:23] /down
[25/10/2021 1:33:34] /down
[25/10/2021 1:33:42] /a 3
[25/10/2021 1:34:23] /down
[25/10/2021 1:34:34] /up
[25/10/2021 1:34:38] /down
[25/10/2021 1:35:11] /up
[25/10/2021 1:35:19] /down
[25/10/2021 1:36:10] /i pick
[25/10/2021 1:36:58] /c bitconha
[25/10/2021 1:38:4] /i amulet of loss
[25/10/2021 1:38:8] /c bitconha
[25/10/2021 1:55:49] /c bitconha
[25/10/2021 2:21:42] /goto rashid
[25/10/2021 2:23:9] /c xitadu
[25/10/2021 2:35:17] /goto xitadu
[25/10/2021 2:35:27] /up
[25/10/2021 2:35:28] /up
[25/10/2021 2:35:29] /up
[25/10/2021 2:39:49] /town thais
[25/10/2021 2:39:53] /c bitconha
[25/10/2021 2:41:5] /goto xitadu
[25/10/2021 2:41:8] /up
[25/10/2021 2:41:11] /up
[25/10/2021 2:42:55] /town venore
[25/10/2021 2:43:2] /town ankrahmun
[25/10/2021 2:43:18] /c bitconha
[25/10/2021 2:46:52] /town venore
[25/10/2021 2:47:53] /down
[25/10/2021 2:48:14] /c bitconha
[25/10/2021 3:0:44] /town
[25/10/2021 3:0:50] /town edron
[25/10/2021 3:0:55] /c bitconha
[25/10/2021 3:26:21] /goto xitadu
[25/10/2021 3:26:26] /c bitconha
[25/10/2021 3:54:38] /goto xitadu
[25/10/2021 3:54:43] /c bitconha
[25/10/2021 3:55:14] /up
[25/10/2021 3:58:52] /town edron
[25/10/2021 3:58:55] /up
[25/10/2021 3:58:57] /a 5
[25/10/2021 3:59:0] /a 20
[25/10/2021 3:59:1] /a 20
[25/10/2021 3:59:4] /a 20/a 10
[25/10/2021 3:59:6] /a 10
[25/10/2021 3:59:8] /a 10
[25/10/2021 3:59:16] /c tirulipa
[25/10/2021 3:59:21] /c tirubila
[25/10/2021 3:59:29] /c tirubila
[25/10/2021 3:59:31] /c tirubila
[25/10/2021 3:59:33] /c xitadu
[25/10/2021 3:59:36] /c bitconha
[25/10/2021 4:12:26] /goto bitconha
[25/10/2021 4:20:59] /goto bitconha
[25/10/2021 4:21:47] /c xitadu
[25/10/2021 4:23:49] /i boots of haste
[25/10/2021 4:24:23] /town
[25/10/2021 4:24:29] /town thais
[25/10/2021 4:24:32] /c xirubila
[25/10/2021 4:24:36] /c tirubila
[25/10/2021 4:24:48] /town edron
[25/10/2021 4:24:54] /c xitadu
[25/10/2021 4:24:58] /c bitocnha
[25/10/2021 4:25:8] /c bitconha
[25/10/2021 4:25:26] /b restart?
[25/10/2021 4:49:10] /town edron
[25/10/2021 4:49:13] /town edron
[25/10/2021 4:49:34] /c bitconha
[25/10/2021 4:49:41] /c xitadu
[25/10/2021 4:52:1] /c tirubila
[25/10/2021 4:52:6] /c tirubila
[25/10/2021 5:9:13] /c bitconha
[25/10/2021 5:9:21] /a 15
[25/10/2021 5:9:23] /a 15
[25/10/2021 5:9:25] /a 15
[25/10/2021 5:9:27] /a 15
[25/10/2021 5:9:32] /c bitconha
[25/10/2021 5:10:41] /i 2306
[25/10/2021 5:10:48] /c xirubila
[25/10/2021 5:10:55] /c tirubila
[25/10/2021 5:11:7] /c Tirubila
[25/10/2021 5:11:18] /c Tirubila
[25/10/2021 5:11:49] /a 2
[25/10/2021 5:11:58] /a 2
[25/10/2021 5:24:43] /a 5
[25/10/2021 5:24:57] /goto bitconha
[25/10/2021 5:25:12] /i 2789
[25/10/2021 5:25:23] /i 2789
[25/10/2021 5:26:11] /i 2789
[25/10/2021 5:26:15] /i 2789
[25/10/2021 5:26:18] /i 2789
[25/10/2021 5:26:23] /i 2789
[25/10/2021 5:26:26] /i 2789
[25/10/2021 5:26:31] /i 2789
[25/10/2021 5:26:35] /i 2789
[25/10/2021 5:26:39] /i 2789
[25/10/2021 5:26:41] /i 2789
[25/10/2021 5:26:44] /i 2789
[25/10/2021 5:26:46] /i 2789
[25/10/2021 5:26:55] /i 2789
[25/10/2021 5:26:58] /i 2789
[25/10/2021 5:27:0] /i 2789
[25/10/2021 5:27:2] /i 2789
[25/10/2021 5:27:5] /i 2789
[25/10/2021 5:27:6] /i 2789
[25/10/2021 5:27:9] /i 2789
[25/10/2021 5:27:11] /i 2789
[25/10/2021 5:28:14] /kick xitadu
[25/10/2021 16:20:57] /c bitconha
[25/10/2021 16:47:38] /i 2789
[25/10/2021 16:47:39] /i 2789
[25/10/2021 16:47:44] /i 2789
[25/10/2021 16:47:47] /i 2789
[25/10/2021 16:47:56] /i 2789
[25/10/2021 16:47:56] /i 2789
[25/10/2021 23:21:9] /kick johz
[25/10/2021 23:21:23] /kick johz
[25/10/2021 23:24:33] /b o johz caralho se n parar eu vo arrumar o map agr kkk
[25/10/2021 23:35:30] /kick gm drk
[25/10/2021 23:37:48] /goto drakking
[25/10/2021 23:38:15] /goto world traveler
[25/10/2021 23:42:53] /goto xitadu
[25/10/2021 23:43:0] /goto drakking
[25/10/2021 23:43:2] /goto drakking
[25/10/2021 23:43:24] /up
[25/10/2021 23:43:25] /up
[25/10/2021 23:43:39] /goto world traveler
[25/10/2021 23:57:27] /goto xitadu
[26/10/2021 0:7:12] /i 2789
[26/10/2021 0:7:13] /i 2789
[26/10/2021 0:7:17] /i 2789
[26/10/2021 0:8:6] /c world traveler
[26/10/2021 0:8:18] /a 2
[26/10/2021 0:8:20] /c luna
[26/10/2021 0:8:22] /a 2
[26/10/2021 0:8:23] /a 2
[26/10/2021 0:8:24] /a 2
[26/10/2021 0:8:24] /a 2
[26/10/2021 0:20:48] /town thais
[26/10/2021 3:42:51] /goto xitadu
[26/10/2021 3:43:52] /down
[26/10/2021 3:43:54] /down
[26/10/2021 3:43:57] /up
[26/10/2021 3:43:58] /up
[26/10/2021 3:43:59] /up
[26/10/2021 3:44:9] /up
[26/10/2021 3:44:11] /up
[26/10/2021 3:44:13] /a 2
[26/10/2021 3:44:20] /up
[26/10/2021 3:44:24] /a 5
[26/10/2021 3:44:57] /a 2
[26/10/2021 3:45:3] /up
[26/10/2021 3:45:8] /down
[26/10/2021 3:45:15] /up
[26/10/2021 3:45:17] /c pleura
[26/10/2021 3:45:21] /c xitadu
[26/10/2021 3:45:27] /c johz
[26/10/2021 3:45:30] /c pleura
[26/10/2021 3:45:36] /down
[26/10/2021 3:45:39] /up
[26/10/2021 3:45:41] /c xitadu
[26/10/2021 3:45:46] /c johz\
[26/10/2021 3:45:49] /c johz
[26/10/2021 3:47:37] /r
[26/10/2021 3:47:50] /r
[26/10/2021 3:48:54] /r
[26/10/2021 3:49:0] /r
[26/10/2021 3:49:0] /r
[26/10/2021 3:49:7] /r
