[17/10/2021 22:14:17] /goto
[17/10/2021 22:14:21] /goto carlin
[17/10/2021 22:14:23] /goto t
[17/10/2021 22:14:25] /goto temple
[17/10/2021 22:15:25] /serverdiag
[17/10/2021 22:16:5] /info
[17/10/2021 22:16:21] /s rat
[17/10/2021 22:17:57] /c demon
[17/10/2021 22:18:43] !goto
[17/10/2021 22:18:48] !goto carlin
[17/10/2021 22:18:52] !goto demon
[17/10/2021 22:20:31] /r
[17/10/2021 22:21:19] /addskill level GOD cHR 100
[17/10/2021 22:21:32] /addskill level GODcHR 100
[17/10/2021 22:21:54] /addskill Level GOD cHR 100
[17/10/2021 22:22:55] /goto Pleura
[17/10/2021 22:23:0] !goto Pleura
[17/10/2021 22:23:59] /town carlin
[17/10/2021 22:24:3] /town edron
[17/10/2021 22:24:6] /town ank
[17/10/2021 22:24:13] /town ankrahmun
[17/10/2021 22:24:19] /town carlin
[17/10/2021 22:25:17] /i gold
[17/10/2021 22:26:25] /i 2148
[17/10/2021 22:26:39] /i 2152
[17/10/2021 22:27:4] /i 2160
[17/10/2021 22:27:20] /i 2160
[17/10/2021 22:40:57] /r
[17/10/2021 22:41:1] /r
[17/10/2021 22:41:4] /r
[17/10/2021 22:41:24] /up
[17/10/2021 23:11:4] /addskill level 100
[17/10/2021 23:11:18] /town carlin
[17/10/2021 23:12:33] /town edron
[17/10/2021 23:13:58] /goto anihi
[17/10/2021 23:15:0] /up
[17/10/2021 23:15:8] /up
[17/10/2021 23:23:18] /up
[17/10/2021 23:23:21] /up
[17/10/2021 23:23:42] /goto 33233 31671 9
[17/10/2021 23:23:53] /c 33233 31671 9
[17/10/2021 23:24:8] /up
[17/10/2021 23:24:10] /up
[17/10/2021 23:27:58] /town carlin
[17/10/2021 23:28:29] /goto otal robassena
[17/10/2021 23:29:13] /i 2160
[17/10/2021 23:31:35] /c otal robassena
[17/10/2021 23:32:1] /goto otal robassena
[17/10/2021 23:34:0] /i 2160
[18/10/2021 0:5:44] /town thais
[18/10/2021 0:5:56] /goto otal robassena
[18/10/2021 0:7:22] /i 3079
[18/10/2021 0:8:15] /b EIN
[18/10/2021 0:8:45] /c otal robassena
[18/10/2021 0:9:59] /c otal robassena
[18/10/2021 0:10:2] /c otal robassena
[18/10/2021 0:10:4] /c otal robassena
[18/10/2021 0:10:18] /c otal robassena
[18/10/2021 0:10:55] /i 3366
[18/10/2021 0:11:7] /r
[18/10/2021 0:11:15] /r
[18/10/2021 0:11:20] /r
[18/10/2021 0:11:29] /i 3370
[18/10/2021 0:11:40] /r
[18/10/2021 0:12:4] /i 3382
[18/10/2021 0:12:8] /r
[18/10/2021 0:12:41] /i 3419
[18/10/2021 0:12:46] /r
[18/10/2021 0:13:31] /c otal robassena
[18/10/2021 0:13:38] /c otal robassena
[18/10/2021 0:14:30] /r
[18/10/2021 0:14:32] /r
[18/10/2021 0:14:37] /r
[18/10/2021 0:14:41] /r
[18/10/2021 0:15:16] /c otal robassena
[18/10/2021 0:15:38] /goto otal robassena
[18/10/2021 0:16:34] /m elf
[18/10/2021 0:16:56] /m cyclop
[18/10/2021 0:16:58] /m cyclops
[18/10/2021 0:17:19] /m cyclops
[18/10/2021 0:18:15] /m cyclops=O
[18/10/2021 0:21:4] /m demon skeleton
[18/10/2021 0:21:15] /m demon skeleton
[18/10/2021 0:22:33] /clean
[18/10/2021 0:22:47] /clean
[18/10/2021 0:24:3] /i 2547
[18/10/2021 0:24:10] /i 2547
[18/10/2021 0:24:11] /i 2547
[18/10/2021 0:24:12] /i 2547
[18/10/2021 0:24:34] /i 2000
[18/10/2021 0:25:8] /addskill level otal robassena 10
[18/10/2021 0:25:27] /i 2547
[18/10/2021 0:25:35] /i 2547
[18/10/2021 0:25:37] /i 2547
[18/10/2021 0:25:38] /i 2547
[18/10/2021 0:27:13] /m valkyrie
[18/10/2021 0:27:42] /i 2543
[18/10/2021 0:27:49] /i 2543
[18/10/2021 0:27:51] /i 2543
[18/10/2021 0:27:52] /i 2543
[18/10/2021 0:27:52] /i 2543
[18/10/2021 0:28:17] /m cyclops
[18/10/2021 0:29:11] /m cyclops
[18/10/2021 0:29:21] /m cyclops
[18/10/2021 0:29:34] /m cyclops
[18/10/2021 0:30:8] /m demon skeleton
[18/10/2021 0:30:54] /m priest
[18/10/2021 0:30:59] /m monk
[18/10/2021 0:31:52] /r
[18/10/2021 0:31:58] /m cyclops
[18/10/2021 0:32:4] /m cyclops
[18/10/2021 0:33:45] /m orc leader
[18/10/2021 0:34:1] /r
[18/10/2021 0:34:7] /m amazon
[18/10/2021 0:34:11] /m amazon
[18/10/2021 0:34:51] /i 3777
[18/10/2021 0:34:59] /i 3773
[18/10/2021 0:35:4] /i 3000
[18/10/2021 0:35:17] /i 2888
[18/10/2021 0:35:27] /i 2002
[18/10/2021 0:35:38] /i 2010
[18/10/2021 0:35:45] /i 2130
[18/10/2021 0:35:53] /i 2333
[18/10/2021 0:36:0] /i 2332
[18/10/2021 0:37:59] /i 2655
[18/10/2021 0:38:14] /i 1989
[18/10/2021 0:38:22] /i 1444
[18/10/2021 0:38:29] /r
[18/10/2021 0:38:35] /i 2878
[18/10/2021 0:38:50] /i 1222
[18/10/2021 0:38:54] /i 1222
[18/10/2021 0:39:16] /m demon
[18/10/2021 0:39:19] /m demon
[18/10/2021 0:39:39] /m orshabaal
[18/10/2021 0:39:47] /r
[18/10/2021 0:39:49] /r
[18/10/2021 0:40:19] /r
[18/10/2021 0:40:35] /i 2732
[18/10/2021 0:40:38] /r
[18/10/2021 0:40:43] /i 2399
[18/10/2021 0:40:53] /i 2400
[18/10/2021 0:41:26] /i 2401
[18/10/2021 0:41:34] /i 2402
[18/10/2021 0:41:42] /i 2403
[18/10/2021 0:41:47] /i 2404
[18/10/2021 0:41:56] /i 2405
[18/10/2021 0:42:11] /i 2500
[18/10/2021 0:42:34] /i 2501
[18/10/2021 0:42:43] /i 2502
[18/10/2021 0:42:56] /i 2503
[18/10/2021 0:43:11] /i 2504
[18/10/2021 0:43:20] /i 2505
[18/10/2021 0:43:38] /i 2506
[18/10/2021 0:45:9] /m minotaur soldier
[18/10/2021 0:45:15] /m dwarf soldier
[18/10/2021 0:45:31] /m dwarf guard
[18/10/2021 0:45:37] /m dwarf guard
[18/10/2021 0:45:39] /m dwarf guard
[18/10/2021 0:45:56] /r
[18/10/2021 0:46:1] /r
[18/10/2021 0:46:6] /r
[18/10/2021 0:46:46] /m slime
[18/10/2021 0:46:50] /m slime
[18/10/2021 0:46:53] /m slime
[18/10/2021 0:46:54] /m slime
[18/10/2021 0:46:55] /m slime
[18/10/2021 0:48:13] /m cyclops
[18/10/2021 0:48:36] /m cyclops
[18/10/2021 0:48:53] /m cyclops
[18/10/2021 0:49:11] /m cyclops
[18/10/2021 0:49:12] /m cyclops
[18/10/2021 0:49:43] /m demon skeleton
[18/10/2021 0:49:45] /m demon skeleton
[18/10/2021 0:50:20] /m demon skeleton
[18/10/2021 0:52:21] /m orc shaman
[18/10/2021 0:53:49] /i 2433
[18/10/2021 2:41:23] /b OI NEH
[18/10/2021 2:41:32] /goto tirubila
[18/10/2021 2:43:40] /m spider
[18/10/2021 2:46:24] /m spider
[18/10/2021 2:46:56] /m spider
[18/10/2021 2:48:15] /b BORAAAAAA
[18/10/2021 2:48:26] /m spider
[18/10/2021 2:48:28] /m spider
[18/10/2021 2:48:37] /m spider
[18/10/2021 2:48:39] /m spider
[18/10/2021 2:48:41] /m spider
[18/10/2021 2:49:53] /town thais
[18/10/2021 2:50:48] /m bug
[18/10/2021 2:50:48] /m bug
[18/10/2021 2:52:29] /c tirubila
[18/10/2021 2:53:15] /i 2543
[18/10/2021 2:53:17] /i 2543
[18/10/2021 2:53:18] /i 2543
[18/10/2021 2:53:18] /i 2543
[18/10/2021 2:53:50] /i 2567
[18/10/2021 2:54:2] /i 2556
[18/10/2021 2:55:1] /s sheep
[18/10/2021 2:55:9] /s sheep
[18/10/2021 2:55:10] /s sheep
[18/10/2021 2:56:20] /i 2543 300
[18/10/2021 2:56:23] /i 2543
[18/10/2021 2:56:24] /i 2543
[18/10/2021 2:56:25] /i 2543
[18/10/2021 2:56:26] /i 2543
[18/10/2021 2:56:27] /i 2543
[18/10/2021 2:56:29] /i 2543
[18/10/2021 2:56:30] /i 2543
[18/10/2021 2:56:31] /i 2543
[18/10/2021 2:57:19] /i 2152
[18/10/2021 2:57:24] /i 2160
[18/10/2021 2:58:6] /m amazon
[18/10/2021 2:58:7] /m amazon
[18/10/2021 2:58:12] /m amazon
[18/10/2021 2:58:13] /m amazon
[18/10/2021 2:58:49] /c tiruliba
[18/10/2021 2:58:53] /c tirubila
[18/10/2021 2:59:28] /m rat
[18/10/2021 3:1:19] /b onde eh msm?
[18/10/2021 3:1:46] /goto tirubila
[18/10/2021 3:2:7] /i 2378
[18/10/2021 3:2:19] /i 2867
[18/10/2021 3:2:30] /i 2349
[18/10/2021 3:2:48] /i 2598
[18/10/2021 3:2:58] /i 2366
[18/10/2021 3:3:6] /i 2754
[18/10/2021 3:4:23] /s orc leader
[18/10/2021 3:4:40] /r
[18/10/2021 3:4:42] /r
[18/10/2021 3:4:51] /r
[18/10/2021 3:6:29] /c tirubila
[18/10/2021 3:7:32] /c tirubila
[18/10/2021 3:8:12] /c tirubila
[18/10/2021 3:8:42] /i 2503
[18/10/2021 3:9:29] /i 2504
[18/10/2021 3:9:32] /i 2504
[18/10/2021 3:10:22] /b E ELE QUER.
[18/10/2021 3:10:33] /b JAH Q JAH QUÉ NÉ
[18/10/2021 3:12:7] /up
[18/10/2021 3:12:9] /down
[18/10/2021 3:12:11] /down
[18/10/2021 3:12:23] /down
[18/10/2021 3:12:27] /c tirubila
[18/10/2021 3:12:36] /down
[18/10/2021 3:17:27] /i 2399
[18/10/2021 3:17:34] /i 2398
[18/10/2021 3:17:39] /i 2397
[18/10/2021 3:17:44] /i 2396
[18/10/2021 3:17:53] /i 2395
[18/10/2021 3:23:13] /m troll swamp
[18/10/2021 3:23:19] /m swamp troll
[18/10/2021 3:23:27] /m minotaur
[18/10/2021 3:24:50] /i 2543
[18/10/2021 3:24:52] /i 2543
[18/10/2021 3:24:53] /i 2543
[18/10/2021 3:24:54] /i 2543
[18/10/2021 3:24:55] /i 2543
[18/10/2021 3:24:55] /i 2543
[18/10/2021 3:24:56] /i 2543
[18/10/2021 3:24:56] /i 2543
[18/10/2021 3:24:57] /i 2543
[18/10/2021 3:24:58] /i 2543
[18/10/2021 3:24:58] /i 2543
[18/10/2021 3:24:59] /i 2543
[18/10/2021 3:24:59] /i 2543
[18/10/2021 3:25:0] /i 2543
[18/10/2021 3:25:0] /i 2543
[18/10/2021 3:25:1] /i 2543
[18/10/2021 3:25:1] /i 2543
[18/10/2021 3:25:2] /i 2543
[18/10/2021 3:25:2] /i 2543
[18/10/2021 3:25:3] /i 2543
[18/10/2021 3:25:4] /i 2543
[18/10/2021 3:25:4] /i 2543
[18/10/2021 3:25:5] /i 2543
[18/10/2021 3:25:5] /i 2543
[18/10/2021 3:25:11] /i 2543=o
[18/10/2021 3:25:48] /up
[18/10/2021 3:25:50] /up
[18/10/2021 3:25:50] /up
[18/10/2021 3:25:51] /up
[18/10/2021 3:25:52] /up
[18/10/2021 3:25:53] /up
[18/10/2021 3:26:20] /down
[18/10/2021 3:26:34] /town thais
[18/10/2021 15:9:18] /goto xitadu
[18/10/2021 15:9:38] /i 2160
[18/10/2021 15:11:42] /goto johz
[18/10/2021 15:14:19] /i 2429
[18/10/2021 15:14:35] /town thais
[18/10/2021 20:8:40] /b borahhhh
[18/10/2021 20:8:48] /i 2160
[18/10/2021 20:8:54] /goto drakking
[18/10/2021 20:9:31] /i 2503
[18/10/2021 21:25:40] /b VAMO FUMAHHHH
[18/10/2021 21:25:48] /b VAMO FUMAHHHH
[18/10/2021 21:26:12] /goto bitconha
[18/10/2021 21:26:41] /i 2160
[18/10/2021 21:27:16] /i 2503
[18/10/2021 21:27:38] /goto tirubila
[18/10/2021 21:27:54] /goto drakking
[18/10/2021 21:28:19] /town thais
[18/10/2021 21:28:23] /c tirubila
[18/10/2021 21:28:26] /goto drakking
[18/10/2021 21:29:53] /goto otal robassena
[18/10/2021 21:30:32] /town venore
[18/10/2021 21:31:43] /town
[18/10/2021 21:31:54] /town gm island
[18/10/2021 21:32:0] /town thais
[18/10/2021 21:32:4] /c otal robassena
[18/10/2021 21:32:11] /town
[18/10/2021 21:33:18] /town carlin
[18/10/2021 21:33:25] /goto bitconha
[18/10/2021 21:33:36] /i 2504
[18/10/2021 21:34:20] /town thais
[18/10/2021 21:34:24] /c bitcoinha
[18/10/2021 21:34:27] /c bitconha
[18/10/2021 21:35:31] /clean
[18/10/2021 21:36:30] /town gm island
[18/10/2021 21:38:26] /b vo logar no Pleura
[18/10/2021 21:39:5] /town thais
[18/10/2021 21:39:24] /i 2160
[18/10/2021 21:39:41] /i 2501
[18/10/2021 21:39:50] /i 2499
[18/10/2021 21:39:58] /i 2498
[18/10/2021 21:40:21] /i 2503
[18/10/2021 21:40:26] /i 2504
[18/10/2021 21:40:32] /i 2505
[18/10/2021 22:3:54] /b eae pode reiniciar? pra aumentar o ML RATE
[18/10/2021 22:9:55] /goto bitcoinha
[18/10/2021 22:9:58] /goto bitconha
[18/10/2021 22:10:24] /i 2160
[18/10/2021 22:11:19] /i 2504
[18/10/2021 22:11:23] /i 2503
[18/10/2021 22:11:33] /goto otal robassena
[18/10/2021 22:11:43] /up
[18/10/2021 22:12:1] /town
[18/10/2021 22:12:6] /town edron
[18/10/2021 22:12:12] /c otal robassena
[18/10/2021 22:14:22] /i 2466
[18/10/2021 22:14:58] /i 2488
[18/10/2021 22:15:3] /i 2487
[18/10/2021 22:15:12] /i 2486
[18/10/2021 22:15:25] /i 2485
[18/10/2021 22:16:57] /goto trainner
[18/10/2021 22:17:2] /c trainner
[18/10/2021 22:17:7] /c offline trainer
[18/10/2021 22:17:9] /c trainer
[18/10/2021 22:21:32] /town thais
[18/10/2021 22:22:5] /i 2467
[18/10/2021 22:22:9] /i 2468
[18/10/2021 22:22:14] /i 2469
[18/10/2021 22:23:8] /i 2195
[18/10/2021 22:25:1] /b peguei a lista de ID dos itens aqui
[18/10/2021 22:25:20] /i 1774
[18/10/2021 22:25:22] /i 1774
[18/10/2021 22:25:24] /i 1774
[18/10/2021 22:26:8] /i 1995
[18/10/2021 22:27:48] /i 1994
[18/10/2021 22:27:59] /i 1885
[18/10/2021 22:28:4] /r
[18/10/2021 22:29:59] /i 2000
[18/10/2021 22:39:43] /c drakking
[18/10/2021 22:42:22] /c drakking
[18/10/2021 22:45:32] /i 2543
[18/10/2021 22:45:37] /i 2543
[18/10/2021 22:45:43] /i 2543
[18/10/2021 22:45:44] /i 2543
[18/10/2021 22:45:45] /i 2543
[18/10/2021 22:45:46] /i 2543
[18/10/2021 22:45:47] /i 2543
[18/10/2021 22:45:47] /i 2543
[18/10/2021 23:25:5] /save
[19/10/2021 0:2:55] /save
[19/10/2021 0:13:13] /i 2268
[19/10/2021 0:23:51] /c drakking
[19/10/2021 0:23:59] /i 2311
[19/10/2021 0:24:22] /i 2268
[19/10/2021 0:25:19] /i 2051
[19/10/2021 0:25:33] /i 2160
[19/10/2021 0:26:30] /i 2000
[19/10/2021 0:26:34] /i 2000
[19/10/2021 0:28:4] /i 2003
[19/10/2021 0:29:5] /i 2003
[19/10/2021 0:29:8] /i 2003
[19/10/2021 0:29:9] /i 2003
[19/10/2021 0:29:9] /i 2003
[19/10/2021 0:29:10] /i 2003
[19/10/2021 0:29:10] /i 2003
[19/10/2021 0:29:11] /i 2003
[19/10/2021 0:29:11] /i 2003
[19/10/2021 0:29:12] /i 2003
[19/10/2021 0:29:12] /i 2003
[19/10/2021 0:29:13] /i 2003
[19/10/2021 0:29:13] /i 2003
[19/10/2021 0:29:14] /i 2003
[19/10/2021 0:29:25] /i 2005
[19/10/2021 0:29:43] /i 2003
[19/10/2021 0:29:47] /i 2002
[19/10/2021 0:29:50] /i 2001
[19/10/2021 0:29:54] /i 1999
[19/10/2021 0:29:56] /i 1998
[19/10/2021 0:29:59] /i 1998
[19/10/2021 1:0:51] /b SEGUINTE, !commands     pra ver todos os comandos possiveis
[19/10/2021 1:1:2] /b      !commands
[19/10/2021 1:1:20] /town thais
[19/10/2021 1:2:4] /goto rashid
[19/10/2021 1:4:53] /c tirubila
[19/10/2021 1:6:16] /c johz
[19/10/2021 1:8:32] /b fight
[19/10/2021 1:15:0] /c drakking
[19/10/2021 1:28:55] /c bitcoinha
[19/10/2021 1:28:58] /c bitconha
[19/10/2021 1:29:39] /goto tirubila
[19/10/2021 1:32:10] /goto eremo
[19/10/2021 1:32:13] /c drakking
[19/10/2021 1:34:39] /r
[19/10/2021 2:25:48] /b GZ
[19/10/2021 2:25:55] /goto johz
[19/10/2021 2:26:10] /goto tirubila
[19/10/2021 2:26:24] /c bitconha
[19/10/2021 2:26:46] /b GZ
[19/10/2021 2:26:59] /i 3067
[19/10/2021 2:27:6] /b Johz: You advanced from Level 99 to Level 100.
[19/10/2021 2:28:28] /i 2183
[19/10/2021 3:14:25] /town thais
[19/10/2021 3:14:27] /c drakking
[19/10/2021 3:22:23] /goto johz
[19/10/2021 3:22:53] /m minotaur mage
[19/10/2021 3:23:29] /c tirubila
[19/10/2021 3:24:23] /town thais
[19/10/2021 3:24:27] /c tirubila
[19/10/2021 3:27:26] /goto johz
[19/10/2021 3:27:30] /c bitconha
[19/10/2021 3:30:27] /c bitconha
[19/10/2021 3:52:19] /goto johz
[19/10/2021 3:52:35] /c xitadu
[19/10/2021 4:5:23] /c xitadu
[19/10/2021 4:6:7] /clean
[19/10/2021 4:16:5] /save
[19/10/2021 4:16:27] /c xitadu
[19/10/2021 4:29:3] /c xitadu
[19/10/2021 4:35:34] /c xitadu
[19/10/2021 4:36:16] /i 2273
[19/10/2021 5:11:37] /goto johz
[19/10/2021 5:11:44] /m cyclops
[19/10/2021 5:11:52] /m cyclops
[19/10/2021 5:11:52] /m cyclops
[19/10/2021 5:11:53] /m cyclops
[19/10/2021 5:12:0] /goto johz
[19/10/2021 5:12:2] /m cyclops
[19/10/2021 5:12:6] /m cyclops
[19/10/2021 5:12:6] /m cyclops
[19/10/2021 5:12:7] /m cyclops
[19/10/2021 5:12:7] /m cyclops
[19/10/2021 5:12:8] /m cyclops
[19/10/2021 5:12:9] /m cyclops
[19/10/2021 5:12:19] /m cyclops
[19/10/2021 5:12:19] /m cyclops
[19/10/2021 5:12:20] /m cyclops
[19/10/2021 5:12:23] /m cyclops
[19/10/2021 5:12:24] /m cyclops
[19/10/2021 5:12:24] /m cyclops
[19/10/2021 5:12:25] /m cyclops
[19/10/2021 5:12:25] /m cyclops
[19/10/2021 5:12:26] /m cyclops
[19/10/2021 5:12:27] /m cyclops
[19/10/2021 5:12:27] /m cyclops
[19/10/2021 5:12:37] /m cyclops
[19/10/2021 5:12:38] /m cyclops
[19/10/2021 5:12:39] /m cyclops
[19/10/2021 5:12:39] /m cyclops
[19/10/2021 5:12:40] /m cyclops
[19/10/2021 5:12:41] /m cyclops
[19/10/2021 5:12:41] /m cyclops
[19/10/2021 5:12:47] /m cyclops
[19/10/2021 5:12:47] /m cyclops
[19/10/2021 5:12:48] /m cyclops
[19/10/2021 5:12:49] /m cyclops
[19/10/2021 5:12:49] /m cyclops
[19/10/2021 5:12:50] /m cyclops
[19/10/2021 5:12:50] /m cyclops
[19/10/2021 5:12:51] /m cyclops
[19/10/2021 5:12:58] /m cyclops
[19/10/2021 5:12:59] /m cyclops
[19/10/2021 5:13:0] /m cyclops
[19/10/2021 5:13:1] /m cyclops
[19/10/2021 5:13:1] /m cyclops
[19/10/2021 5:13:2] /m cyclops
[19/10/2021 5:13:2] /m cyclops
[19/10/2021 5:13:4] /m cyclops
[19/10/2021 5:13:5] /m cyclops
[19/10/2021 5:13:5] /m cyclops
[19/10/2021 5:13:6] /m cyclops
[19/10/2021 5:13:7] /m cyclops
[19/10/2021 5:13:7] /m cyclops
[19/10/2021 5:13:8] /m cyclops
[19/10/2021 5:13:9] /m cyclops
[19/10/2021 5:13:10] /m cyclops
[19/10/2021 5:13:11] /m cyclops
[19/10/2021 5:13:12] /m cyclops
[19/10/2021 5:13:13] /m cyclops
[19/10/2021 5:13:14] /m cyclops
[19/10/2021 5:13:15] /m cyclops
[19/10/2021 5:13:18] /m cyclops
[19/10/2021 5:13:19] /m cyclops
[19/10/2021 5:13:22] /m cyclops
[19/10/2021 5:13:23] /m cyclops
[19/10/2021 5:13:24] /m cyclops
[19/10/2021 5:13:25] /m cyclops
[19/10/2021 5:13:25] /m cyclops
[19/10/2021 5:13:26] /m cyclops
[19/10/2021 5:13:27] /m cyclops
[19/10/2021 5:13:27] /m cyclops
[19/10/2021 5:13:28] /m cyclops
[19/10/2021 5:13:28] /m cyclops
[19/10/2021 5:13:29] /m cyclops
[19/10/2021 5:13:29] /m cyclops
[19/10/2021 5:13:30] /m cyclops
[19/10/2021 5:13:30] /m cyclops
[19/10/2021 5:13:31] /m cyclops
[19/10/2021 5:13:32] /m cyclops
[19/10/2021 5:13:32] /m cyclops
[19/10/2021 5:13:33] /m cyclops
[19/10/2021 5:13:34] /m cyclops
[19/10/2021 5:13:35] /m cyclops
[19/10/2021 5:13:35] /m cyclops
[19/10/2021 5:13:36] /m cyclops
[19/10/2021 5:13:37] /m cyclops
[19/10/2021 5:13:37] /m cyclops
[19/10/2021 5:13:38] /m cyclops
[19/10/2021 5:13:38] /m cyclops
[19/10/2021 5:13:39] /m cyclops
[19/10/2021 5:13:40] /m cyclops
[19/10/2021 5:13:40] /m cyclops
[19/10/2021 5:13:41] /m cyclops
[19/10/2021 5:13:41] /m cyclops
[19/10/2021 5:13:42] /m cyclops
[19/10/2021 5:13:43] /m cyclops
[19/10/2021 5:13:43] /m cyclops
[19/10/2021 5:13:47] /save
[19/10/2021 5:14:2] /m cyclops
[19/10/2021 5:14:3] /m cyclops
[19/10/2021 5:14:3] /m cyclops
[19/10/2021 5:14:4] /m cyclops
[19/10/2021 5:14:4] /m cyclops
[19/10/2021 5:14:5] /m cyclops
[19/10/2021 5:14:5] /m cyclops
[19/10/2021 5:14:6] /m cyclops
[19/10/2021 5:14:6] /m cyclops
[19/10/2021 5:14:7] /m cyclops
[19/10/2021 5:14:8] /m cyclops
[19/10/2021 5:14:8] /m cyclops
[19/10/2021 5:14:9] /m cyclops
[19/10/2021 5:14:9] /m cyclops
[19/10/2021 5:14:10] /m cyclops
[19/10/2021 5:14:10] /m cyclops
[19/10/2021 5:14:19] /m cyclops
[19/10/2021 5:14:19] /m cyclops
[19/10/2021 5:14:20] /m cyclops
[19/10/2021 5:14:20] /m cyclops
[19/10/2021 5:14:21] /m cyclops
[19/10/2021 5:14:21] /m cyclops
[19/10/2021 5:14:22] /m cyclops
[19/10/2021 5:14:22] /m cyclops
[19/10/2021 5:14:23] /m cyclops
[19/10/2021 5:14:24] /m cyclops
[19/10/2021 5:14:24] /m cyclops
[19/10/2021 5:14:25] /m cyclops
[19/10/2021 5:14:25] /m cyclops
[19/10/2021 5:14:26] /m cyclops
[19/10/2021 5:14:26] /m cyclops
[19/10/2021 5:14:27] /m cyclops
[19/10/2021 5:14:30] /m cyclops
[19/10/2021 5:14:31] /m cyclops
[19/10/2021 5:14:32] /m cyclops
[19/10/2021 5:14:32] /m cyclops
[19/10/2021 5:14:33] /m cyclops
[19/10/2021 5:14:33] /m cyclops
[19/10/2021 5:14:34] /m cyclops
[19/10/2021 5:14:36] /m cyclops
[19/10/2021 5:14:36] /m cyclops
[19/10/2021 5:14:37] /m cyclops
[19/10/2021 5:14:38] /m cyclops
[19/10/2021 5:14:39] /m cyclops
[19/10/2021 5:14:48] /m cyclops
[19/10/2021 5:14:49] /m cyclops
[19/10/2021 5:14:51] /m cyclops
[19/10/2021 5:14:52] /m cyclops
[19/10/2021 5:14:53] /m cyclops
[19/10/2021 5:14:53] /m cyclops
[19/10/2021 5:14:54] /m cyclops
[19/10/2021 5:14:55] /m cyclops
[19/10/2021 5:14:55] /m cyclops
[19/10/2021 5:14:55] /m cyclops
[19/10/2021 5:14:56] /m cyclops
[19/10/2021 5:14:56] /m cyclops
[19/10/2021 5:14:57] /m cyclops
[19/10/2021 5:14:58] /m cyclops
[19/10/2021 5:14:58] /m cyclops
[19/10/2021 5:14:59] /m cyclops
[19/10/2021 5:14:59] /m cyclops
[19/10/2021 5:15:0] /m cyclops
[19/10/2021 5:15:19] /m stone golem
[19/10/2021 5:15:21] /m stone golem
[19/10/2021 5:15:22] /m stone golem
[19/10/2021 5:15:23] /m stone golem
[19/10/2021 5:15:23] /m stone golem
[19/10/2021 5:15:24] /m stone golem
[19/10/2021 5:15:24] /m stone golem
[19/10/2021 5:15:25] /m stone golem
[19/10/2021 5:15:25] /m stone golem
[19/10/2021 5:15:26] /m stone golem
[19/10/2021 5:15:26] /m stone golem
[19/10/2021 5:15:27] /m stone golem
[19/10/2021 5:15:35] /m stone golem
[19/10/2021 5:15:36] /m stone golem
[19/10/2021 5:15:55] /m stone golem
[19/10/2021 5:15:56] /m stone golem
[19/10/2021 5:15:56] /m stone golem
[19/10/2021 5:15:58] /m stone golem
[19/10/2021 5:16:5] /m stone golem
[19/10/2021 5:16:5] /m stone golem
[19/10/2021 5:16:6] /m stone golem
[19/10/2021 5:16:10] /m stone golem
[19/10/2021 5:16:11] /m stone golem
[19/10/2021 5:16:12] /m stone golem
[19/10/2021 5:16:13] /m stone golem
[19/10/2021 5:16:13] /m stone golem
[19/10/2021 5:16:33] /m slime
[19/10/2021 5:16:34] /m slime
[19/10/2021 5:16:34] /m slime
[19/10/2021 5:16:35] /m slime
[19/10/2021 5:16:35] /m slime
[19/10/2021 5:16:37] /m slime
[19/10/2021 5:16:37] /m slime
[19/10/2021 5:16:38] /m slime
[19/10/2021 5:16:38] /m slime
[19/10/2021 5:16:39] /m slime
[19/10/2021 5:16:39] /m slime
[19/10/2021 5:16:40] /m slime
[19/10/2021 5:16:40] /m slime
[19/10/2021 5:16:41] /m slime
[19/10/2021 5:16:41] /m slime
[19/10/2021 5:16:41] /m slime
[19/10/2021 5:16:42] /m slime
[19/10/2021 5:16:42] /m slime
[19/10/2021 5:16:43] /m slime
[19/10/2021 5:16:43] /m slime
[19/10/2021 5:16:44] /m slime
[19/10/2021 5:16:44] /m slime
[19/10/2021 5:16:45] /m slime
[19/10/2021 5:16:45] /m slime
[19/10/2021 5:16:46] /m slime
[19/10/2021 5:16:46] /m slime
[19/10/2021 5:16:47] /m slime
[19/10/2021 5:16:47] /m slime
[19/10/2021 5:16:48] /m slime
[19/10/2021 5:16:49] /m slime
[19/10/2021 5:16:49] /m slime
[19/10/2021 5:16:50] /m slime
[19/10/2021 5:16:50] /m slime
[19/10/2021 5:16:51] /m slime
[19/10/2021 5:16:51] /m slime
[19/10/2021 5:16:52] /m slime
[19/10/2021 5:16:53] /m slime
[19/10/2021 5:16:53] /m slime
[19/10/2021 5:16:53] /m slime
[19/10/2021 5:16:54] /m slime
[19/10/2021 5:16:55] /m slime
[19/10/2021 5:17:1] /m elf arcanist
[19/10/2021 5:17:2] /m elf arcanist
[19/10/2021 5:19:20] /m necromancer
[19/10/2021 5:20:57] /m necromancer
[19/10/2021 5:21:30] /m dragon lord
[19/10/2021 5:22:4] /m dragon lord
[19/10/2021 5:22:19] /m dragon lord
[19/10/2021 5:22:39] /m dragon 
[19/10/2021 5:23:41] /c bitconha
[19/10/2021 5:24:37] /i 2304
[19/10/2021 5:25:26] /c bitconha
[19/10/2021 5:25:35] /m ghoul
[19/10/2021 5:25:38] /m ghoul
[19/10/2021 5:25:46] /m crypt shambler
[19/10/2021 5:25:51] /m ghoul
[19/10/2021 5:25:52] /m ghoul
[19/10/2021 5:25:53] /m ghoul
[19/10/2021 5:25:53] /m ghoul
[19/10/2021 5:25:54] /m ghoul
[19/10/2021 5:25:54] /m ghoul
[19/10/2021 5:25:55] /m ghoul
[19/10/2021 5:25:57] /m ghoul
[19/10/2021 5:25:58] /m ghoul
[19/10/2021 5:25:59] /m ghoul
[19/10/2021 5:26:1] /m ghoul
[19/10/2021 5:26:3] /m ghoul
[19/10/2021 5:26:3] /m ghoul
[19/10/2021 5:26:4] /m ghoul
[19/10/2021 5:26:5] /m ghoul
[19/10/2021 5:26:6] /m ghoul
[19/10/2021 5:26:7] /m ghoul
[19/10/2021 5:26:8] /m ghoul
[19/10/2021 5:26:9] /m ghoul
[19/10/2021 5:26:10] /m ghoul
[19/10/2021 5:26:11] /m ghoul
[19/10/2021 5:26:13] /m ghoul
[19/10/2021 5:26:14] /m ghoul
[19/10/2021 5:26:16] /m ghoul
[19/10/2021 5:26:16] /m ghoul
[19/10/2021 5:26:17] /m ghoul
[19/10/2021 5:26:18] /m ghoul
[19/10/2021 5:26:20] /m ghoul
[19/10/2021 5:26:21] /m ghoul
[19/10/2021 5:26:22] /m ghoul
[19/10/2021 5:26:24] /m ghoul
[19/10/2021 5:26:25] /m ghoul
[19/10/2021 5:26:25] /m ghoul
[19/10/2021 5:26:27] /m ghoul
[19/10/2021 5:26:28] /m ghoul
[19/10/2021 5:26:29] /m ghoul
[19/10/2021 5:26:30] /m ghoul
[19/10/2021 5:26:31] /m ghoul
[19/10/2021 5:26:31] /m ghoul
[19/10/2021 5:26:32] /m ghoul
[19/10/2021 5:26:33] /m ghoul
[19/10/2021 5:26:34] /m ghoul
[19/10/2021 5:26:35] /m ghoul
[19/10/2021 5:26:36] /m ghoul
[19/10/2021 5:26:37] /m ghoul
[19/10/2021 5:26:38] /m ghoul
[19/10/2021 5:26:38] /m ghoul
[19/10/2021 5:26:39] /m ghoul
[19/10/2021 5:26:40] /m ghoul
[19/10/2021 5:26:41] /m ghoul
[19/10/2021 5:26:42] /m ghoul
[19/10/2021 5:26:43] /m ghoul
[19/10/2021 5:26:44] /m ghoul
[19/10/2021 5:26:45] /m ghoul
[19/10/2021 5:26:46] /m ghoul
[19/10/2021 5:26:47] /m ghoul
[19/10/2021 5:26:48] /m ghoul
[19/10/2021 5:26:49] /m ghoul
[19/10/2021 5:26:49] /m ghoul
[19/10/2021 5:26:51] /m ghoul
[19/10/2021 5:26:52] /m ghoul
[19/10/2021 5:26:54] /m ghoul
[19/10/2021 5:26:55] /m ghoul
[19/10/2021 5:26:56] /m ghoul
[19/10/2021 5:26:57] /m ghoul
[19/10/2021 5:26:58] /m ghoul
[19/10/2021 5:26:59] /m ghoul
[19/10/2021 5:27:0] /m ghoul
[19/10/2021 5:27:1] /m ghoul
[19/10/2021 5:27:1] /m ghoul
[19/10/2021 5:27:2] /m ghoul
[19/10/2021 5:27:4] /m ghoul
[19/10/2021 5:27:5] /m ghoul
[19/10/2021 5:27:6] /m ghoul
[19/10/2021 5:27:7] /m ghoul
[19/10/2021 5:27:8] /m ghoul
[19/10/2021 5:27:9] /m ghoul
[19/10/2021 5:27:9] /m ghoul
[19/10/2021 5:27:10] /m ghoul
[19/10/2021 5:27:44] /m tiger
[19/10/2021 5:27:55] /m terror bird
[19/10/2021 5:27:59] /m terror bird
[19/10/2021 5:28:7] /m terror bird
[19/10/2021 5:28:19] /m yeti
[19/10/2021 5:28:44] /m yeti
[19/10/2021 15:25:17] /goto drakking
[19/10/2021 15:27:9] /m troll
[19/10/2021 15:28:41] /up
[19/10/2021 15:28:49] /down
[19/10/2021 15:28:50] /down
[19/10/2021 15:28:56] /c drakking
[19/10/2021 15:29:8] /down
[19/10/2021 15:30:13] /down
[19/10/2021 15:30:18] /c drakking
[19/10/2021 15:31:43] /up
[19/10/2021 15:31:44] /up
[19/10/2021 15:31:55] /up
[19/10/2021 15:31:58] /up
[19/10/2021 15:33:51] /down
[19/10/2021 15:33:54] /up
[19/10/2021 15:33:58] /down
[19/10/2021 15:34:1] /up
[19/10/2021 15:34:2] /up
[19/10/2021 15:34:3] /up
[19/10/2021 15:35:4] /up
[19/10/2021 15:35:7] /down
[19/10/2021 15:35:8] /down
[19/10/2021 15:35:10] /up
[19/10/2021 15:35:13] /goto drakking
[19/10/2021 15:36:33] /down
[19/10/2021 15:36:49] /goto otal robassena
[19/10/2021 15:37:21] /town thais
[19/10/2021 15:37:29] /c otal robassena
[19/10/2021 15:38:26] /owner
[19/10/2021 15:40:12] /owner
[19/10/2021 15:43:10] /i 2051
[19/10/2021 15:44:28] /b ow vo ter que fechar pra botar Staged
[19/10/2021 15:44:59] /b ceis quer rushar infinito
[19/10/2021 15:45:6] /b essa molezinha vai acabar
[19/10/2021 15:45:50] /b posso fechá?
[19/10/2021 15:45:58] /b dou td pra quem quiser
[19/10/2021 15:46:4] /b tp*
[19/10/2021 15:49:18] /i 2547
[19/10/2021 15:52:50] /b VO DAR SERVER SAVE
[19/10/2021 15:53:47] /save
[19/10/2021 16:10:8] /b eae ta staged msm?
[19/10/2021 16:10:21] /b soul ta 999?
[19/10/2021 16:11:29] /b o resto eu arrumo dps
[19/10/2021 16:20:30] /goto drakking
[19/10/2021 16:20:37] /town thais
[19/10/2021 16:20:48] /c drakking
[19/10/2021 16:23:57] /goto johz
[19/10/2021 16:24:7] /town edron
[19/10/2021 16:26:47] /goto johz
[19/10/2021 16:28:28] /i 2268
[19/10/2021 16:31:3] /i 2268
[19/10/2021 16:31:5] /i 2268
[19/10/2021 16:31:6] /i 2268
[19/10/2021 16:31:8] /i 2268
[19/10/2021 16:31:9] /i 2268
[19/10/2021 16:31:12] /i 2268
[19/10/2021 16:31:14] /i 2268
[19/10/2021 16:31:15] /i 2268
[19/10/2021 16:31:16] /i 2268
[19/10/2021 16:31:18] /i 2268
[19/10/2021 16:31:21] /i 2268
[19/10/2021 16:31:23] /i 2268
[19/10/2021 16:32:19] /i 2268
[19/10/2021 16:32:20] /i 2268
[19/10/2021 16:32:20] /i 2268
[19/10/2021 16:32:21] /i 2268
[19/10/2021 16:32:38] /i 2268
[19/10/2021 16:32:39] /i 2268
[19/10/2021 16:32:39] /i 2268
[19/10/2021 16:32:40] /i 2268
[19/10/2021 16:33:33] /town venore
[19/10/2021 16:33:37] /town poh
[19/10/2021 16:33:40] /goto poh
[19/10/2021 16:35:3] /c drakking
[19/10/2021 16:40:20] /goto drakking
[19/10/2021 16:40:31] /down
[19/10/2021 16:40:40] /c drakking
[19/10/2021 16:41:31] /i 2184
[19/10/2021 16:41:37] /i 2184
[19/10/2021 16:41:47] /i 1284
[19/10/2021 16:42:24] /up
[19/10/2021 16:42:27] /down
[19/10/2021 16:42:52] /down
[19/10/2021 16:43:15] /i 383
[19/10/2021 16:43:33] /up
[19/10/2021 16:43:37] /r
[19/10/2021 16:43:39] /r
[19/10/2021 16:43:40] /r
[19/10/2021 16:43:42] /r
[19/10/2021 16:43:43] /r
[19/10/2021 16:43:44] /r
[19/10/2021 16:44:8] /i 1386
[19/10/2021 16:44:15] /r
[19/10/2021 17:0:50] /town thais
[19/10/2021 17:0:59] /m training monk
[19/10/2021 17:4:44] /r
[19/10/2021 17:4:50] /goto otal robassena
[19/10/2021 17:13:49] /attr health 1000
[19/10/2021 17:13:53] /attr health 1000
[19/10/2021 17:14:0] /attr health god chr 1000
[19/10/2021 17:14:5] /attr health god chr 1000
[19/10/2021 17:18:6] /owner Otal Robassena
[19/10/2021 17:18:16] /owner Otal Robassena
[19/10/2021 17:18:19] /owner Otal Robassena
[19/10/2021 17:20:22] /owner Otal Robassena60k
[19/10/2021 17:21:18] /owner Otal Robassena
[19/10/2021 17:23:39] /b VO SALVAR VAI LAGAR
[19/10/2021 17:23:46] /save
[19/10/2021 17:25:23] /config rateLoot 3
[19/10/2021 17:27:24] /owner none
[19/10/2021 17:27:30] /owner none
[19/10/2021 21:10:20] /b CLIMA MEIO TENSO NO SERVER
[19/10/2021 21:10:40] /b CHEIRO DE WARZINHA NO AR
[19/10/2021 21:13:28] /town thais
[19/10/2021 21:13:44] /c captain fearless
[19/10/2021 21:13:57] /r
[19/10/2021 21:14:2] /town venore
[19/10/2021 21:14:22] /c captain fearless
[19/10/2021 21:14:29] /c captain fearless
[19/10/2021 21:14:32] /c captain fearless
[19/10/2021 21:15:25] /n captain fearless
[19/10/2021 21:17:37] /addskill 100
[19/10/2021 21:17:43] /addskill level 100
[19/10/2021 21:17:51] /addskill level god chr 100
[19/10/2021 21:20:13] /goto tirubila
[19/10/2021 21:21:23] /goto drakking
[19/10/2021 21:26:10] /goto rashid
[19/10/2021 21:28:41] /town thais
[19/10/2021 21:28:45] /c drakking
[19/10/2021 21:28:52] /goto tirubila
[19/10/2021 21:29:20] /town venore
[19/10/2021 21:29:44] /goto perac
[19/10/2021 21:29:52] /town venore
[19/10/2021 21:32:8] /c tirubila
[19/10/2021 21:33:34] /r
[19/10/2021 21:33:39] /r
[19/10/2021 21:33:42] /r
[19/10/2021 21:35:28] /town thais
[19/10/2021 21:35:36] /goto bitconha
[19/10/2021 21:36:47] /m rat
[19/10/2021 21:36:55] /m fire devil
[19/10/2021 21:38:20] /b DO DA SAVE
[19/10/2021 21:38:31] /b VO DA SAVEEE
[19/10/2021 21:38:51] /save
[19/10/2021 21:43:25] /save
[19/10/2021 21:43:44] /goto otal robassena
[19/10/2021 21:47:0] /m rat
[19/10/2021 21:47:1] /m rat
[19/10/2021 21:47:1] /m rat
[19/10/2021 21:47:1] /m rat
[19/10/2021 21:47:2] /m rat
[19/10/2021 21:47:3] /m rat
[19/10/2021 21:47:4] /m rat
[19/10/2021 21:47:4] /m rat
[19/10/2021 21:47:5] /m rat
[19/10/2021 21:47:5] /m rat
[19/10/2021 21:47:6] /m rat
[19/10/2021 21:47:6] /m rat
[19/10/2021 21:47:7] /m rat
[19/10/2021 21:47:7] /m rat
[19/10/2021 21:47:8] /m rat
[19/10/2021 21:47:8] /m rat
[19/10/2021 21:47:8] /m rat
[19/10/2021 21:47:10] /m rat
[19/10/2021 21:47:27] /goto drakking
[19/10/2021 21:47:43] /down
[19/10/2021 21:49:6] /b POSSO DAR CLEAN ???????????
[19/10/2021 21:49:17] /b :(
[19/10/2021 21:49:30] /b reclamaram de lag, pode ser a caralhada de item
[19/10/2021 21:50:25] /b aqui p mim ta liso :(
[19/10/2021 21:51:18] /b posso sumonar uns Trainner depois pra gente celebrar a amizade
[19/10/2021 21:54:59] /goto bitconha
[19/10/2021 21:55:53] /town edron
[19/10/2021 21:57:2] /b VO DAR SAVE E LIMPAR, SEUS BAIAKERO
[19/10/2021 21:57:15] /save
[19/10/2021 21:57:40] /clean
[19/10/2021 21:57:49] /b Collected 293 items.
[19/10/2021 21:59:6] /b Vo fazer uma fita, talvez caia o serv, talvez não
[19/10/2021 21:59:18] /b Reclamações: inbox
[19/10/2021 21:59:32] /save
[19/10/2021 21:59:49] /b salvei
[19/10/2021 22:0:6] /town thais
[19/10/2021 22:0:44] /owner Tirubila
[19/10/2021 22:1:12] /owner none
[19/10/2021 22:2:16] /m Trainer Monk
[19/10/2021 22:2:24] /m Trainner monk
[19/10/2021 22:2:28] /m trainer monk
[19/10/2021 22:2:32] /m monk trainer
[19/10/2021 22:2:38] /m trainner monk
[19/10/2021 22:3:23] /s trainer monk
[19/10/2021 22:3:30] /m trainner monk
[19/10/2021 22:3:35] /m trainner monk
[19/10/2021 22:4:33] /m monk trainer
[19/10/2021 22:4:36] /m monk trainner
[19/10/2021 22:4:39] /m monk
[19/10/2021 22:4:45] /r
[19/10/2021 22:4:49] /m monk
[19/10/2021 22:4:52] /r
[19/10/2021 22:4:57] /m treiner monk
[19/10/2021 22:5:6] /m training monk
[19/10/2021 22:5:11] /m training monk
[19/10/2021 22:7:37] /i 2525
[19/10/2021 22:8:17] /i 3965
[19/10/2021 22:8:22] /i 3965
[19/10/2021 22:9:7] /i spear
[19/10/2021 22:46:46] /r
[19/10/2021 22:46:48] /r
[19/10/2021 22:46:51] /town venore
[19/10/2021 22:47:9] /save
[20/10/2021 1:11:35] /goto captain fearless
[20/10/2021 1:12:3] /up
[20/10/2021 1:12:13] /down
[20/10/2021 1:13:49] /up
[20/10/2021 1:14:1] /c captain fearless
[20/10/2021 1:15:28] /goto drakking
[20/10/2021 1:15:33] /up
[20/10/2021 1:15:34] /down
[20/10/2021 1:15:36] /down
[20/10/2021 1:15:38] /up
[20/10/2021 1:15:42] /goto drakking
[20/10/2021 1:16:33] /c bitconha
[20/10/2021 2:43:36] /save
[20/10/2021 2:43:49] /goto tirubila
[20/10/2021 2:45:2] /town thais
[20/10/2021 2:45:24] /c tirubila
[20/10/2021 2:46:33] /save
[20/10/2021 2:48:26] /town venore
[20/10/2021 2:49:0] /down
[20/10/2021 2:49:4] /c drakking
[20/10/2021 2:49:27] /r
[20/10/2021 2:49:58] /r
[20/10/2021 2:50:21] /c captain fearless
[20/10/2021 2:51:8] /i 405
[20/10/2021 2:51:11] /i 405
[20/10/2021 2:51:22] /i 1517
[20/10/2021 2:53:42] /m skeleton
[20/10/2021 2:53:44] /m skeleton
[20/10/2021 2:53:47] /m rat
[20/10/2021 2:53:51] /m rat
[20/10/2021 2:53:53] /m rat
[20/10/2021 2:53:56] /m demon
[20/10/2021 2:54:49] /goto johz
[20/10/2021 2:56:10] /goto tirubila
[20/10/2021 2:56:25] /m orc berzeker
[20/10/2021 2:56:30] /m orc leader
[20/10/2021 2:56:45] /m orc warlord
[20/10/2021 2:57:35] /m elf arcanist
[20/10/2021 2:57:45] /m elf arcanist
[20/10/2021 2:57:46] /m elf arcanist
[20/10/2021 2:58:20] /m training monk
[20/10/2021 2:58:21] /m training monk
[20/10/2021 2:58:48] /m training monk
[20/10/2021 3:0:58] /m troll
[20/10/2021 3:0:59] /m troll
[20/10/2021 3:1:1] /m troll
[20/10/2021 3:1:12] /b gz
[20/10/2021 3:5:52] /save
[20/10/2021 3:55:7] /goto johz
[20/10/2021 3:55:12] /goto drakking
[20/10/2021 3:55:18] /down
[20/10/2021 3:55:26] /c johz
[20/10/2021 3:55:50] /c drakking
[20/10/2021 3:55:53] /c tiruliba
[20/10/2021 3:55:57] /c bitconha
[20/10/2021 3:56:2] /c tirulipa
[20/10/2021 3:56:13] /c tirubila
[20/10/2021 4:0:1] /c johz
[20/10/2021 4:0:7] /c tiruliba
[20/10/2021 4:0:13] /c tirubila
[20/10/2021 4:5:24] /c tirubila
[20/10/2021 4:6:26] /down
[20/10/2021 4:6:29] /up
[20/10/2021 4:6:32] /down
[20/10/2021 4:7:10] /town thais
[20/10/2021 4:7:13] /c johz
[20/10/2021 4:7:15] /c tirubila
[20/10/2021 4:7:22] /c drakking
[20/10/2021 4:7:26] /c bitconha
[20/10/2021 4:8:50] /town venore
[20/10/2021 4:9:15] /a 50
[20/10/2021 4:9:20] /a 50
[20/10/2021 4:9:29] /a 50
[20/10/2021 4:9:31] /a 50
[20/10/2021 4:9:55] /cliport
[20/10/2021 4:10:10] /c johz
[20/10/2021 4:10:12] /c tirubila
[20/10/2021 4:10:15] /c bitconha
[20/10/2021 4:10:19] /c drakking
[20/10/2021 4:11:2] /goto johz
[20/10/2021 4:11:6] /c drakking
[20/10/2021 4:11:8] /c bitconha
[20/10/2021 4:11:11] /c tirubila
[20/10/2021 4:11:27] /r
[20/10/2021 4:11:48] /down
[20/10/2021 4:11:59] /down
[20/10/2021 4:12:6] /i 1386
[20/10/2021 4:12:9] /r
[20/10/2021 4:12:13] /up
[20/10/2021 4:12:22] /r
[20/10/2021 4:12:23] /r
[20/10/2021 4:12:24] /r
[20/10/2021 4:12:25] /r
[20/10/2021 4:12:26] /r
[20/10/2021 4:12:44] /i 354
[20/10/2021 4:12:46] /i 354
[20/10/2021 4:12:49] /i 354
[20/10/2021 4:12:58] /i 354
[20/10/2021 4:13:21] /i 469
[20/10/2021 4:14:29] /i 1284
[20/10/2021 4:14:51] /up
[20/10/2021 4:14:55] /c tirubila
[20/10/2021 4:16:22] /c johz
[20/10/2021 4:16:46] /i 2146
[20/10/2021 4:18:5] /town thais
[20/10/2021 4:18:8] /c drakking
[20/10/2021 4:18:10] /c johz
[20/10/2021 4:18:13] /c tirubila
[20/10/2021 4:18:16] /c bitconha
[20/10/2021 4:19:49] /i 430
[20/10/2021 4:19:56] /up
[20/10/2021 4:20:2] /down
[20/10/2021 4:20:3] /up
[20/10/2021 4:20:6] /down
[20/10/2021 4:20:8] /up
[20/10/2021 4:20:12] /i 430
[20/10/2021 4:20:14] /i 430
[20/10/2021 4:20:17] /down
[20/10/2021 4:20:19] /up
[20/10/2021 4:20:28] /up
[20/10/2021 4:22:27] /m training monk
[20/10/2021 4:22:29] /m training monk
[20/10/2021 4:24:9] /b FLW
[20/10/2021 4:24:19] /b vo salvar
[20/10/2021 4:24:25] /save
[20/10/2021 4:25:36] /i 2399
[20/10/2021 4:30:7] /town fibula
[20/10/2021 4:30:20] /town fibula
[20/10/2021 4:31:6] /down
[20/10/2021 4:31:13] /up
[20/10/2021 17:17:14] /goto johz
[20/10/2021 17:23:28] /save
[20/10/2021 17:27:0] /i 2547
[20/10/2021 17:27:23] /save
[20/10/2021 17:43:50] /m training monk
[20/10/2021 17:43:51] /m training monk
[20/10/2021 22:38:5] /b VOU SALVAR E  REINICIAR
[20/10/2021 22:38:11] /goto otal robassena
[20/10/2021 22:39:23] /town thais
[20/10/2021 22:39:26] /c otal robassena
[20/10/2021 22:39:28] /save
